GROUP,PACKAGE,CLASS,INSTRUCTION_MISSED,INSTRUCTION_COVERED,BRANCH_MISSED,BRANCH_COVERED,LINE_MISSED,LINE_COVERED,COMPLEXITY_MISSED,COMPLEXITY_COVERED,METHOD_MISSED,METHOD_COVERED
Apache Commons Configuration,org.apache.commons.configuration2.beanutils,ConfigurationDynaClass,176,0,30,0,47,0,21,0,6,0
Apache Commons Configuration,org.apache.commons.configuration2.beanutils,DefaultBeanFactory,264,0,30,0,67,0,31,0,16,0
Apache Commons Configuration,org.apache.commons.configuration2.beanutils,BeanHelper.BeanCreationContextImpl,35,0,0,0,12,0,6,0,6,0
Apache Commons Configuration,org.apache.commons.configuration2.beanutils,XMLBeanDeclaration.NodeData,89,0,2,0,17,0,10,0,9,0
Apache Commons Configuration,org.apache.commons.configuration2.beanutils,XMLBeanDeclaration,366,0,36,0,87,0,43,0,25,0
Apache Commons Configuration,org.apache.commons.configuration2.beanutils,ConstructorArg,118,0,14,0,27,0,18,0,11,0
Apache Commons Configuration,org.apache.commons.configuration2.beanutils,CombinedBeanDeclaration,153,0,26,0,41,0,20,0,7,0
Apache Commons Configuration,org.apache.commons.configuration2.beanutils,BeanHelper,489,0,50,0,131,0,49,0,24,0
Apache Commons Configuration,org.apache.commons.configuration2.beanutils,ConfigurationDynaBean,374,0,46,0,69,0,35,0,12,0
Apache Commons Configuration,org.apache.commons.configuration2,DynamicCombinedConfiguration,857,0,52,0,207,0,111,0,85,0
Apache Commons Configuration,org.apache.commons.configuration2,ConfigurationLookup,21,0,2,0,7,0,4,0,3,0
Apache Commons Configuration,org.apache.commons.configuration2,PropertiesConfiguration.PropertiesWriter.new ValueTransformer() {...},10,0,0,0,3,0,2,0,2,0
Apache Commons Configuration,org.apache.commons.configuration2,ImmutableConfigurationInvocationHandler,35,0,4,0,11,0,5,0,3,0
Apache Commons Configuration,org.apache.commons.configuration2,ConfigurationMap.ConfigurationSet.ConfigurationSetIterator,29,0,0,0,7,0,4,0,4,0
Apache Commons Configuration,org.apache.commons.configuration2,PropertiesConfigurationLayout.PropertyLayoutData,94,0,10,0,29,0,16,0,11,0
Apache Commons Configuration,org.apache.commons.configuration2,StrictConfigurationComparator,63,0,16,0,19,0,10,0,2,0
Apache Commons Configuration,org.apache.commons.configuration2,DatabaseConfiguration.JdbcOperation,152,0,12,0,33,0,12,0,6,0
Apache Commons Configuration,org.apache.commons.configuration2,XMLConfiguration.XMLBuilderVisitor,387,0,54,0,102,0,39,0,12,0
Apache Commons Configuration,org.apache.commons.configuration2,XMLPropertiesConfiguration.XMLPropertiesHandler,71,0,8,0,18,0,8,0,4,0
Apache Commons Configuration,org.apache.commons.configuration2,INIConfiguration,793,0,132,0,205,0,92,0,26,0
Apache Commons Configuration,org.apache.commons.configuration2,AbstractYAMLBasedConfiguration,220,0,20,0,51,0,19,0,9,0
Apache Commons Configuration,org.apache.commons.configuration2,DatabaseConfiguration.new DatabaseConfiguration.JdbcOperation() {...},37,0,2,0,4,0,3,0,2,0
Apache Commons Configuration,org.apache.commons.configuration2,DatabaseConfiguration.new DatabaseConfiguration.JdbcOperation() {...},45,0,0,0,4,0,2,0,2,0
Apache Commons Configuration,org.apache.commons.configuration2,DatabaseConfiguration.new DatabaseConfiguration.JdbcOperation() {...},46,0,0,0,5,0,2,0,2,0
Apache Commons Configuration,org.apache.commons.configuration2,DatabaseConfiguration.new DatabaseConfiguration.JdbcOperation() {...},30,0,0,0,4,0,2,0,2,0
Apache Commons Configuration,org.apache.commons.configuration2,DatabaseConfiguration.new DatabaseConfiguration.JdbcOperation() {...},87,0,8,0,15,0,6,0,2,0
Apache Commons Configuration,org.apache.commons.configuration2,DatabaseConfiguration.new DatabaseConfiguration.JdbcOperation() {...},106,0,6,0,17,0,5,0,2,0
Apache Commons Configuration,org.apache.commons.configuration2,BaseHierarchicalConfiguration.BuilderVisitor,117,0,20,0,33,0,14,0,4,0
Apache Commons Configuration,org.apache.commons.configuration2,SubsetConfiguration.SubsetIterator,25,0,0,0,7,0,4,0,4,0
Apache Commons Configuration,org.apache.commons.configuration2,DatabaseConfiguration.new DatabaseConfiguration.JdbcOperation() {...},50,0,2,0,6,0,3,0,2,0
Apache Commons Configuration,org.apache.commons.configuration2,ConfigurationUtils,403,0,34,0,106,0,41,0,24,0
Apache Commons Configuration,org.apache.commons.configuration2,ConfigurationConverter,76,0,6,0,24,0,8,0,5,0
Apache Commons Configuration,org.apache.commons.configuration2,AbstractHierarchicalConfiguration.DefinedKeysVisitor,96,0,6,0,22,0,9,0,6,0
Apache Commons Configuration,org.apache.commons.configuration2,EnvironmentConfiguration,22,0,0,0,5,0,4,0,4,0
Apache Commons Configuration,org.apache.commons.configuration2,DataConfiguration.DataConversionHandler,35,0,6,0,8,0,5,0,2,0
Apache Commons Configuration,org.apache.commons.configuration2,PropertiesConfiguration.DefaultIOFactory,14,0,0,0,3,0,3,0,3,0
Apache Commons Configuration,org.apache.commons.configuration2,HierarchicalConfigurationXMLReader.SAXVisitor,91,0,10,0,20,0,11,0,6,0
Apache Commons Configuration,org.apache.commons.configuration2,XMLDocumentHelper,192,0,4,0,58,0,20,0,18,0
Apache Commons Configuration,org.apache.commons.configuration2,XMLListReference,150,0,20,0,38,0,18,0,8,0
Apache Commons Configuration,org.apache.commons.configuration2,ConfigurationUtils.new EventSource() {...},6,0,0,0,3,0,3,0,3,0
Apache Commons Configuration,org.apache.commons.configuration2,ConfigurationUtils.new EventListener() {...},9,0,0,0,3,0,2,0,2,0
Apache Commons Configuration,org.apache.commons.configuration2,HierarchicalConfigurationXMLReader,35,0,0,0,13,0,6,0,6,0
Apache Commons Configuration,org.apache.commons.configuration2,PropertiesConfiguration.PropertiesWriter,225,0,20,0,56,0,26,0,16,0
Apache Commons Configuration,org.apache.commons.configuration2,PropertiesConfigurationLayout,666,0,84,0,177,0,79,0,37,0
Apache Commons Configuration,org.apache.commons.configuration2,XMLPropertiesConfiguration,376,0,34,0,96,0,31,0,14,0
Apache Commons Configuration,org.apache.commons.configuration2,BaseConfigurationXMLReader.SAXConverter,24,0,2,0,7,0,4,0,3,0
Apache Commons Configuration,org.apache.commons.configuration2,SubsetConfiguration,245,0,24,0,51,0,32,0,20,0
Apache Commons Configuration,org.apache.commons.configuration2,DynamicCombinedConfiguration.new ConfigurationInterpolator() {...},15,0,0,0,3,0,2,0,2,0
Apache Commons Configuration,org.apache.commons.configuration2,AbstractHierarchicalConfiguration,596,0,52,0,140,0,62,0,36,0
Apache Commons Configuration,org.apache.commons.configuration2,PatternSubtreeConfigurationWrapper,516,0,18,0,91,0,72,0,63,0
Apache Commons Configuration,org.apache.commons.configuration2,ConfigurationMap,36,0,0,0,10,0,5,0,5,0
Apache Commons Configuration,org.apache.commons.configuration2,AbstractConfiguration,1485,0,128,0,356,0,170,0,105,0
Apache Commons Configuration,org.apache.commons.configuration2,DynamicCombinedConfiguration.ConfigData,21,0,0,0,8,0,4,0,4,0
Apache Commons Configuration,org.apache.commons.configuration2,BaseConfiguration,142,0,8,0,37,0,15,0,11,0
Apache Commons Configuration,org.apache.commons.configuration2,CombinedConfiguration,717,0,70,0,201,0,71,0,36,0
Apache Commons Configuration,org.apache.commons.configuration2,XMLPropertiesConfiguration.new EntityResolver() {...},15,0,0,0,2,0,2,0,2,0
Apache Commons Configuration,org.apache.commons.configuration2,DynamicCombinedConfiguration.CurrentConfigHolder,35,0,2,0,10,0,7,0,6,0
Apache Commons Configuration,org.apache.commons.configuration2,DataConfiguration,726,0,12,0,131,0,104,0,98,0
Apache Commons Configuration,org.apache.commons.configuration2,PropertiesConfiguration,510,0,64,0,139,0,59,0,27,0
Apache Commons Configuration,org.apache.commons.configuration2,PropertiesConfiguration.PropertiesReader,196,0,12,0,51,0,20,0,14,0
Apache Commons Configuration,org.apache.commons.configuration2,JSONConfiguration,80,0,0,0,22,0,5,0,5,0
Apache Commons Configuration,org.apache.commons.configuration2,SubnodeConfiguration,99,0,6,0,26,0,14,0,11,0
Apache Commons Configuration,org.apache.commons.configuration2,YAMLConfiguration,105,0,0,0,39,0,8,0,8,0
Apache Commons Configuration,org.apache.commons.configuration2,BaseHierarchicalConfiguration.new BaseHierarchicalConfiguration() {...},18,0,0,0,3,0,3,0,3,0
Apache Commons Configuration,org.apache.commons.configuration2,BaseHierarchicalConfiguration.new EventListener() {...},11,0,0,0,3,0,2,0,2,0
Apache Commons Configuration,org.apache.commons.configuration2,PrefixedKeysIterator,84,0,16,0,21,0,13,0,5,0
Apache Commons Configuration,org.apache.commons.configuration2,ConfigurationMap.ConfigurationSet.Entry,33,0,0,0,8,0,4,0,4,0
Apache Commons Configuration,org.apache.commons.configuration2,SystemConfiguration,83,0,6,0,23,0,9,0,6,0
Apache Commons Configuration,org.apache.commons.configuration2,INIConfiguration.GlobalSectionNodeModel.new NodeHandlerDecorator() {...},102,0,8,0,24,0,12,0,8,0
Apache Commons Configuration,org.apache.commons.configuration2,DatabaseConfiguration,250,0,18,0,74,0,36,0,27,0
Apache Commons Configuration,org.apache.commons.configuration2,BaseConfigurationXMLReader,36,0,0,0,13,0,6,0,6,0
Apache Commons Configuration,org.apache.commons.configuration2,MapConfiguration,168,0,10,0,41,0,20,0,15,0
Apache Commons Configuration,org.apache.commons.configuration2,HierarchicalConfigurationConverter,181,0,18,0,46,0,15,0,6,0
Apache Commons Configuration,org.apache.commons.configuration2,BaseHierarchicalConfiguration,558,0,32,0,139,0,49,0,33,0
Apache Commons Configuration,org.apache.commons.configuration2,ConfigurationXMLReader,134,0,14,0,55,0,30,0,23,0
Apache Commons Configuration,org.apache.commons.configuration2,XMLConfiguration,924,0,104,0,245,0,89,0,37,0
Apache Commons Configuration,org.apache.commons.configuration2,CompositeConfiguration,607,0,78,0,165,0,66,0,27,0
Apache Commons Configuration,org.apache.commons.configuration2,ConfigurationMap.ConfigurationSet,28,0,2,0,9,0,4,0,3,0
Apache Commons Configuration,org.apache.commons.configuration2,AbstractHierarchicalConfiguration.DefinedVisitor,21,0,4,0,6,0,5,0,3,0
Apache Commons Configuration,org.apache.commons.configuration2,XMLConfiguration.new DefaultHandler() {...},8,0,0,0,2,0,2,0,2,0
Apache Commons Configuration,org.apache.commons.configuration2,CombinedConfiguration.ConfigData,160,0,8,0,43,0,14,0,10,0
Apache Commons Configuration,org.apache.commons.configuration2,ImmutableConfigurationInvocationHandler.ImmutableIterator,19,0,0,0,6,0,4,0,4,0
Apache Commons Configuration,org.apache.commons.configuration2,JNDIConfiguration,383,0,38,0,110,0,38,0,19,0
Apache Commons Configuration,org.apache.commons.configuration2,INIConfiguration.GlobalSectionNodeModel,11,0,0,0,3,0,2,0,2,0
Apache Commons Configuration,org.apache.commons.configuration2,BaseHierarchicalConfiguration.InterpolatedVisitor,202,0,14,0,51,0,20,0,13,0
Apache Commons Configuration,org.apache.commons.configuration2,AbstractConfiguration.new EventListener() {...},14,0,0,0,3,0,2,0,2,0
Apache Commons Configuration,org.apache.commons.configuration2,FindNodeVisitor,25,0,2,0,10,0,6,0,5,0
Apache Commons Configuration,org.apache.commons.configuration2.event,EventListenerRegistrationData,71,0,12,0,20,0,11,0,5,0
Apache Commons Configuration,org.apache.commons.configuration2.event,EventListenerList.new Iterable() {...},15,0,0,0,2,0,2,0,2,0
Apache Commons Configuration,org.apache.commons.configuration2.event,BaseEventSource,215,0,20,0,58,0,27,0,17,0
Apache Commons Configuration,org.apache.commons.configuration2.event,ConfigurationErrorEvent,48,0,0,0,13,0,6,0,6,0
Apache Commons Configuration,org.apache.commons.configuration2.event,EventType,64,0,6,0,20,0,9,0,6,0
Apache Commons Configuration,org.apache.commons.configuration2.event,EventListenerList,174,0,22,0,45,0,24,0,13,0
Apache Commons Configuration,org.apache.commons.configuration2.event,ConfigurationEvent,78,0,0,0,17,0,5,0,5,0
Apache Commons Configuration,org.apache.commons.configuration2.event,Event,75,0,2,0,16,0,6,0,5,0
Apache Commons Configuration,org.apache.commons.configuration2.event,EventListenerList.EventListenerIterator,111,0,14,0,33,0,16,0,9,0
Apache Commons Configuration,org.apache.commons.configuration2.convert,DefaultConversionHandler.new ConfigurationInterpolator() {...},5,0,0,0,2,0,2,0,2,0
Apache Commons Configuration,org.apache.commons.configuration2.convert,DefaultConversionHandler,303,0,46,0,67,0,41,0,18,0
Apache Commons Configuration,org.apache.commons.configuration2.convert,ListDelimiterHandler.new ValueTransformer() {...},5,0,0,0,2,0,2,0,2,0
Apache Commons Configuration,org.apache.commons.configuration2.convert,DisabledListDelimiterHandler,26,0,0,0,7,0,5,0,5,0
Apache Commons Configuration,org.apache.commons.configuration2.convert,DefaultListDelimiterHandler,169,0,26,0,44,0,18,0,5,0
Apache Commons Configuration,org.apache.commons.configuration2.convert,PropertyConverter,1253,0,170,0,228,0,111,0,26,0
Apache Commons Configuration,org.apache.commons.configuration2.convert,ListDelimiterHandler,5,0,0,0,1,0,1,0,1,0
Apache Commons Configuration,org.apache.commons.configuration2.convert,AbstractListDelimiterHandler,138,0,22,0,28,0,18,0,7,0
Apache Commons Configuration,org.apache.commons.configuration2.convert,LegacyListDelimiterHandler,245,0,38,0,68,0,28,0,9,0
Apache Commons Configuration,org.apache.commons.configuration2.ex,ConfigurationException,16,0,0,0,8,0,4,0,4,0
Apache Commons Configuration,org.apache.commons.configuration2.ex,ConversionException,16,0,0,0,8,0,4,0,4,0
Apache Commons Configuration,org.apache.commons.configuration2.ex,ConfigurationRuntimeException,22,0,0,0,10,0,5,0,5,0
Apache Commons Configuration,org.apache.commons.configuration2.tree.xpath,ConfigurationNodePointerFactory.NodeWrapper,15,0,0,0,6,0,3,0,3,0
Apache Commons Configuration,org.apache.commons.configuration2.tree.xpath,ConfigurationNodePointerFactory,46,0,4,0,13,0,7,0,5,0
Apache Commons Configuration,org.apache.commons.configuration2.tree.xpath,XPathContextFactory,13,0,0,0,6,0,2,0,2,0
Apache Commons Configuration,org.apache.commons.configuration2.tree.xpath,ConfigurationNodeIteratorAttribute,100,0,12,0,24,0,11,0,5,0
Apache Commons Configuration,org.apache.commons.configuration2.tree.xpath,ConfigurationNodeIteratorChildren,194,0,30,0,50,0,22,0,7,0
Apache Commons Configuration,org.apache.commons.configuration2.tree.xpath,XPathExpressionEngine,482,0,58,0,122,0,46,0,17,0
Apache Commons Configuration,org.apache.commons.configuration2.tree.xpath,ConfigurationNodePointer,139,0,12,0,37,0,24,0,18,0
Apache Commons Configuration,org.apache.commons.configuration2.tree.xpath,ConfigurationNodeIteratorBase,127,0,16,0,24,0,20,0,12,0
Apache Commons Configuration,org.apache.commons.configuration2.tree.xpath,ConfigurationAttributePointer,69,0,4,0,23,0,16,0,14,0
Apache Commons Configuration,org.apache.commons.configuration2.builder.combined,MultiFileConfigurationBuilderProvider.ReloadableWrapperBuilder,13,0,0,0,4,0,2,0,2,0
Apache Commons Configuration,org.apache.commons.configuration2.builder.combined,CombinedConfigurationBuilder.ConfigurationSourceData,275,0,20,0,66,0,23,0,13,0
Apache Commons Configuration,org.apache.commons.configuration2.builder.combined,MultiFileConfigurationBuilderProvider.WrapperBuilder,24,0,0,0,8,0,4,0,4,0
Apache Commons Configuration,org.apache.commons.configuration2.builder.combined,FileExtensionConfigurationBuilderProvider,89,0,14,0,23,0,13,0,6,0
Apache Commons Configuration,org.apache.commons.configuration2.builder.combined,ConfigurationDeclaration,91,0,14,0,26,0,17,0,10,0
Apache Commons Configuration,org.apache.commons.configuration2.builder.combined,CombinedConfigurationBuilder,1033,0,82,0,256,0,84,0,43,0
Apache Commons Configuration,org.apache.commons.configuration2.builder.combined,MultiFileBuilderParametersImpl,72,0,4,0,23,0,12,0,10,0
Apache Commons Configuration,org.apache.commons.configuration2.builder.combined,MultiWrapDynaClass,82,0,4,0,17,0,9,0,7,0
Apache Commons Configuration,org.apache.commons.configuration2.builder.combined,ReloadingCombinedConfigurationBuilder,97,0,6,0,32,0,13,0,10,0
Apache Commons Configuration,org.apache.commons.configuration2.builder.combined,ReloadingMultiFileConfigurationBuilder,47,0,0,0,13,0,6,0,6,0
Apache Commons Configuration,org.apache.commons.configuration2.builder.combined,MultiFileConfigurationBuilder.new EventListener() {...},11,0,0,0,3,0,2,0,2,0
Apache Commons Configuration,org.apache.commons.configuration2.builder.combined,CombinedConfigurationBuilder.new EventListener() {...},27,0,0,0,6,0,2,0,2,0
Apache Commons Configuration,org.apache.commons.configuration2.builder.combined,CombinedBuilderParametersImpl,237,0,20,0,69,0,35,0,25,0
Apache Commons Configuration,org.apache.commons.configuration2.builder.combined,MultiFileConfigurationBuilder,419,0,32,0,106,0,37,0,21,0
Apache Commons Configuration,org.apache.commons.configuration2.builder.combined,MultiFileConfigurationBuilderProvider,62,0,4,0,15,0,6,0,4,0
Apache Commons Configuration,org.apache.commons.configuration2.builder.combined,CombinedConfigurationBuilderProvider,65,0,2,0,19,0,5,0,4,0
Apache Commons Configuration,org.apache.commons.configuration2.builder.combined,MultiWrapDynaBean,152,0,10,0,33,0,17,0,12,0
Apache Commons Configuration,org.apache.commons.configuration2.builder.combined,ReloadingMultiFileConfigurationBuilder.new CombinedReloadingController() {...},37,0,2,0,10,0,3,0,2,0
Apache Commons Configuration,org.apache.commons.configuration2.builder.combined,CombinedConfigurationBuilder.ConfigurationSourceData.new EventListener() {...},11,0,0,0,3,0,2,0,2,0
Apache Commons Configuration,org.apache.commons.configuration2.builder.combined,BaseConfigurationBuilderProvider,248,0,18,0,63,0,26,0,17,0
Apache Commons Configuration,org.apache.commons.configuration2.builder.fluent,Parameters,185,0,2,0,28,0,17,0,16,0
Apache Commons Configuration,org.apache.commons.configuration2.builder.fluent,Configurations,251,0,2,0,42,0,39,0,38,0
Apache Commons Configuration,org.apache.commons.configuration2.builder.fluent,Parameters.ParametersIfcInvocationHandler,33,0,6,0,8,0,6,0,3,0
Apache Commons Configuration,org.apache.commons.configuration2.builder,FileBasedConfigurationBuilder,276,0,40,0,84,0,39,0,19,0
Apache Commons Configuration,org.apache.commons.configuration2.builder,BuilderConfigurationWrapperFactory.EventSourceSupport,34,0,0,0,4,0,1,0,1,0
Apache Commons Configuration,org.apache.commons.configuration2.builder,AutoSaveListener,73,0,12,0,22,0,13,0,7,0
Apache Commons Configuration,org.apache.commons.configuration2.builder,HierarchicalBuilderParametersImpl,22,0,0,0,6,0,3,0,3,0
Apache Commons Configuration,org.apache.commons.configuration2.builder,PropertiesBuilderParametersImpl,39,0,0,0,10,0,5,0,5,0
Apache Commons Configuration,org.apache.commons.configuration2.builder,DefaultParametersManager.DefaultHandlerData,47,0,12,0,12,0,9,0,3,0
Apache Commons Configuration,org.apache.commons.configuration2.builder,CopyObjectDefaultHandler,33,0,2,0,13,0,4,0,3,0
Apache Commons Configuration,org.apache.commons.configuration2.builder,ConfigurationBuilderEvent,28,0,0,0,6,0,3,0,3,0
Apache Commons Configuration,org.apache.commons.configuration2.builder,FileBasedBuilderParametersImpl,206,0,18,0,65,0,30,0,21,0
Apache Commons Configuration,org.apache.commons.configuration2.builder,DefaultReloadingDetectorFactory,20,0,2,0,4,0,3,0,2,0
Apache Commons Configuration,org.apache.commons.configuration2.builder,ReloadingFileBasedConfigurationBuilder.new ReloadingDetector() {...},28,0,6,0,7,0,6,0,3,0
Apache Commons Configuration,org.apache.commons.configuration2.builder,ConfigurationBuilderResultCreatedEvent,25,0,2,0,7,0,4,0,3,0
Apache Commons Configuration,org.apache.commons.configuration2.builder,ReloadingBuilderSupportListener,38,0,2,0,14,0,4,0,3,0
Apache Commons Configuration,org.apache.commons.configuration2.builder,JndiBuilderParametersImpl,15,0,0,0,5,0,3,0,3,0
Apache Commons Configuration,org.apache.commons.configuration2.builder,BasicBuilderParameters,461,0,46,0,111,0,52,0,29,0
Apache Commons Configuration,org.apache.commons.configuration2.builder,BasicConfigurationBuilder.new BeanDeclaration() {...},25,0,0,0,7,0,7,0,7,0
Apache Commons Configuration,org.apache.commons.configuration2.builder,ReloadingFileBasedConfigurationBuilder,87,0,2,0,27,0,12,0,11,0
Apache Commons Configuration,org.apache.commons.configuration2.builder,BasicConfigurationBuilder,450,0,40,0,136,0,56,0,36,0
Apache Commons Configuration,org.apache.commons.configuration2.builder,INIBuilderParametersImpl,22,0,0,0,6,0,3,0,3,0
Apache Commons Configuration,org.apache.commons.configuration2.builder,XMLBuilderParametersImpl,71,0,0,0,17,0,9,0,9,0
Apache Commons Configuration,org.apache.commons.configuration2.builder,BuilderConfigurationWrapperFactory.BuilderConfigurationWrapperInvocationHandler,47,0,4,0,11,0,6,0,4,0
Apache Commons Configuration,org.apache.commons.configuration2.builder,BuilderConfigurationWrapperFactory,71,0,6,0,21,0,9,0,6,0
Apache Commons Configuration,org.apache.commons.configuration2.builder,DatabaseBuilderParametersImpl,46,0,0,0,15,0,8,0,8,0
Apache Commons Configuration,org.apache.commons.configuration2.builder,DefaultParametersManager,93,0,12,0,25,0,12,0,6,0
Apache Commons Configuration,org.apache.commons.configuration2.builder,EventListenerParameters,26,0,0,0,9,0,5,0,5,0
Apache Commons Configuration,org.apache.commons.configuration2.io,FileHandler.new FileHandler.Updater() {...},17,0,0,0,3,0,2,0,2,0
Apache Commons Configuration,org.apache.commons.configuration2.io,AbsoluteNameLocationStrategy,24,0,6,0,6,0,5,0,2,0
Apache Commons Configuration,org.apache.commons.configuration2.io,FileHandler.new FileHandler.Updater() {...},25,0,0,0,3,0,2,0,2,0
Apache Commons Configuration,org.apache.commons.configuration2.io,FileHandler.new FileHandler.Updater() {...},21,0,0,0,4,0,2,0,2,0
Apache Commons Configuration,org.apache.commons.configuration2.io,FileHandler.new FileHandler.Updater() {...},21,0,0,0,4,0,2,0,2,0
Apache Commons Configuration,org.apache.commons.configuration2.io,FileHandler.new SynchronizerSupport() {...},8,0,0,0,5,0,5,0,5,0
Apache Commons Configuration,org.apache.commons.configuration2.io,FileHandler.new FileHandler.Updater() {...},17,0,0,0,3,0,2,0,2,0
Apache Commons Configuration,org.apache.commons.configuration2.io,FileHandlerListenerAdapter,8,0,0,0,6,0,6,0,6,0
Apache Commons Configuration,org.apache.commons.configuration2.io,FileHandler.new FileHandler.Updater() {...},17,0,0,0,3,0,2,0,2,0
Apache Commons Configuration,org.apache.commons.configuration2.io,FileHandler.new FileHandler.Updater() {...},17,0,0,0,3,0,2,0,2,0
Apache Commons Configuration,org.apache.commons.configuration2.io,FileHandler.new FileHandler.Updater() {...},23,0,0,0,4,0,2,0,2,0
Apache Commons Configuration,org.apache.commons.configuration2.io,FileLocatorUtils,518,0,74,0,117,0,61,0,24,0
Apache Commons Configuration,org.apache.commons.configuration2.io,FileSystemLocationStrategy,10,0,0,0,3,0,2,0,2,0
Apache Commons Configuration,org.apache.commons.configuration2.io,BasePathLocationStrategy,21,0,4,0,8,0,4,0,2,0
Apache Commons Configuration,org.apache.commons.configuration2.io,DefaultFileSystem,298,0,38,0,74,0,29,0,10,0
Apache Commons Configuration,org.apache.commons.configuration2.io,CombinedLocationStrategy,53,0,8,0,15,0,7,0,3,0
Apache Commons Configuration,org.apache.commons.configuration2.io,VerifiableOutputStream,3,0,0,0,1,0,1,0,1,0
Apache Commons Configuration,org.apache.commons.configuration2.io,FileSystem,26,0,2,0,9,0,7,0,6,0
Apache Commons Configuration,org.apache.commons.configuration2.io,DefaultFileSystem.HttpOutputStream,64,0,2,0,19,0,9,0,8,0
Apache Commons Configuration,org.apache.commons.configuration2.io,FileHandler.Updater,32,0,2,0,9,0,3,0,2,0
Apache Commons Configuration,org.apache.commons.configuration2.io,VFSFileSystem,545,0,72,0,137,0,46,0,10,0
Apache Commons Configuration,org.apache.commons.configuration2.io,FileLocator.FileLocatorBuilder,68,0,2,0,24,0,10,0,9,0
Apache Commons Configuration,org.apache.commons.configuration2.io,HomeDirectoryLocationStrategy,69,0,10,0,24,0,13,0,8,0
Apache Commons Configuration,org.apache.commons.configuration2.io,FileLocator,155,0,6,0,38,0,14,0,11,0
Apache Commons Configuration,org.apache.commons.configuration2.io,ConfigurationLogger,91,0,4,0,31,0,18,0,16,0
Apache Commons Configuration,org.apache.commons.configuration2.io,VFSFileSystem.VFSURLStreamHandler,12,0,0,0,4,0,2,0,2,0
Apache Commons Configuration,org.apache.commons.configuration2.io,FileUtils,113,0,18,0,26,0,13,0,4,0
Apache Commons Configuration,org.apache.commons.configuration2.io,FileHandler,940,0,78,0,297,0,116,0,77,0
Apache Commons Configuration,org.apache.commons.configuration2.io,ProvidedURLLocationStrategy,6,0,0,0,2,0,2,0,2,0
Apache Commons Configuration,org.apache.commons.configuration2.io,ClasspathLocationStrategy,13,0,2,0,3,0,3,0,2,0
Apache Commons Configuration,org.apache.commons.configuration2.sync,NoOpSynchronizer,18,0,0,0,6,0,5,0,5,0
Apache Commons Configuration,org.apache.commons.configuration2.sync,LockMode,24,0,0,0,3,0,1,0,1,0
Apache Commons Configuration,org.apache.commons.configuration2.sync,ReadWriteSynchronizer,38,0,2,0,14,0,8,0,7,0
Apache Commons Configuration,org.apache.commons.configuration2.plist,TokenMgrError,173,0,18,0,37,0,19,0,6,0
Apache Commons Configuration,org.apache.commons.configuration2.plist,XMLPropertyListConfiguration,619,0,60,0,129,0,41,0,11,0
Apache Commons Configuration,org.apache.commons.configuration2.plist,PropertyListConfiguration.DateSeparatorParser,51,0,2,0,9,0,4,0,3,0
Apache Commons Configuration,org.apache.commons.configuration2.plist,XMLPropertyListConfiguration.ArrayNodeBuilder,18,0,0,0,5,0,3,0,3,0
Apache Commons Configuration,org.apache.commons.configuration2.plist,XMLPropertyListConfiguration.new EntityResolver() {...},15,0,0,0,3,0,2,0,2,0
Apache Commons Configuration,org.apache.commons.configuration2.plist,Token,34,0,0,0,12,0,7,0,7,0
Apache Commons Configuration,org.apache.commons.configuration2.plist,ParseException,371,0,32,0,66,0,25,0,5,0
Apache Commons Configuration,org.apache.commons.configuration2.plist,XMLPropertyListConfiguration.XMLPropertyListHandler,287,0,42,0,66,0,31,0,10,0
Apache Commons Configuration,org.apache.commons.configuration2.plist,PropertyListConfiguration.DateTimeZoneParser,70,0,2,0,17,0,4,0,3,0
Apache Commons Configuration,org.apache.commons.configuration2.plist,PropertyListParserTokenManager,2003,0,298,0,410,0,197,0,27,0
Apache Commons Configuration,org.apache.commons.configuration2.plist,PropertyListParser.JJCalls,3,0,0,0,1,0,1,0,1,0
Apache Commons Configuration,org.apache.commons.configuration2.plist,PropertyListConfiguration.DateComponentParser,38,0,4,0,6,0,4,0,2,0
Apache Commons Configuration,org.apache.commons.configuration2.plist,PropertyListConfiguration.DateFieldParser,73,0,0,0,14,0,4,0,4,0
Apache Commons Configuration,org.apache.commons.configuration2.plist,XMLPropertyListConfiguration.PListNodeBuilder,193,0,8,0,53,0,18,0,14,0
Apache Commons Configuration,org.apache.commons.configuration2.plist,SimpleCharStream,1056,0,60,0,194,0,67,0,36,0
Apache Commons Configuration,org.apache.commons.configuration2.plist,PropertyListParser,1629,0,202,0,314,0,151,0,48,0
Apache Commons Configuration,org.apache.commons.configuration2.plist,PropertyListConfiguration,701,0,84,0,144,0,57,0,15,0
Apache Commons Configuration,org.apache.commons.configuration2.plist,PropertyListParserConstants,124,0,0,0,1,0,1,0,1,0
Apache Commons Configuration,org.apache.commons.configuration2.resolver,DefaultEntityResolver,65,0,6,0,20,0,7,0,4,0
Apache Commons Configuration,org.apache.commons.configuration2.resolver,CatalogResolver,189,0,14,0,50,0,19,0,12,0
Apache Commons Configuration,org.apache.commons.configuration2.resolver,CatalogResolver.CatalogManager,62,0,8,0,25,0,13,0,9,0
Apache Commons Configuration,org.apache.commons.configuration2.resolver,CatalogResolver.Catalog,245,0,20,0,57,0,14,0,4,0
Apache Commons Configuration,org.apache.commons.configuration2.reloading,CombinedReloadingController,63,0,6,0,17,0,9,0,6,0
Apache Commons Configuration,org.apache.commons.configuration2.reloading,PeriodicReloadingTrigger,106,0,12,0,34,0,16,0,10,0
Apache Commons Configuration,org.apache.commons.configuration2.reloading,ManagedReloadingDetector,22,0,0,0,8,0,4,0,4,0
Apache Commons Configuration,org.apache.commons.configuration2.reloading,VFSFileHandlerReloadingDetector,122,0,8,0,31,0,10,0,6,0
Apache Commons Configuration,org.apache.commons.configuration2.reloading,CombinedReloadingController.MultiReloadingControllerDetector,45,0,6,0,13,0,6,0,3,0
Apache Commons Configuration,org.apache.commons.configuration2.reloading,PeriodicReloadingTrigger.new Runnable() {...},15,0,0,0,3,0,2,0,2,0
Apache Commons Configuration,org.apache.commons.configuration2.reloading,FileHandlerReloadingDetector,137,0,20,0,39,0,22,0,12,0
Apache Commons Configuration,org.apache.commons.configuration2.reloading,ReloadingController,85,0,10,0,27,0,12,0,7,0
Apache Commons Configuration,org.apache.commons.configuration2.reloading,ReloadingEvent,22,0,0,0,6,0,4,0,4,0
Apache Commons Configuration,org.apache.commons.configuration2.tree,NodeUpdateData,50,0,4,0,16,0,9,0,7,0
Apache Commons Configuration,org.apache.commons.configuration2.tree,TrackedNodeModel,134,0,8,0,36,0,20,0,16,0
Apache Commons Configuration,org.apache.commons.configuration2.tree,DefaultConfigurationKey,499,0,88,0,121,0,72,0,28,0
Apache Commons Configuration,org.apache.commons.configuration2.tree,ModelTransaction,542,0,44,0,134,0,57,0,35,0
Apache Commons Configuration,org.apache.commons.configuration2.tree,ModelTransaction.AddAttributeOperation,21,0,0,0,5,0,2,0,2,0
Apache Commons Configuration,org.apache.commons.configuration2.tree,NodeNameMatchers,24,0,0,0,3,0,1,0,1,0
Apache Commons Configuration,org.apache.commons.configuration2.tree,ImmutableNode,318,0,26,0,66,0,32,0,19,0
Apache Commons Configuration,org.apache.commons.configuration2.tree,OverrideCombiner,147,0,20,0,29,0,14,0,4,0
Apache Commons Configuration,org.apache.commons.configuration2.tree,NodeSelector,153,0,14,0,36,0,15,0,8,0
Apache Commons Configuration,org.apache.commons.configuration2.tree,DefaultExpressionEngine,342,0,44,0,75,0,36,0,14,0
Apache Commons Configuration,org.apache.commons.configuration2.tree,NodeTracker,352,0,28,0,78,0,30,0,16,0
Apache Commons Configuration,org.apache.commons.configuration2.tree,ModelTransaction.ChangeNodeValueOperation,16,0,0,0,4,0,2,0,2,0
Apache Commons Configuration,org.apache.commons.configuration2.tree,DefaultConfigurationKey.KeyIterator,395,0,56,0,88,0,49,0,21,0
Apache Commons Configuration,org.apache.commons.configuration2.tree,NodeNameMatchers.new NodeNameMatchers() {...},12,0,0,0,3,0,2,0,2,0
Apache Commons Configuration,org.apache.commons.configuration2.tree,QueryResult,113,0,8,0,27,0,14,0,10,0
Apache Commons Configuration,org.apache.commons.configuration2.tree,NodeNameMatchers.new NodeNameMatchers() {...},12,0,0,0,2,0,2,0,2,0
Apache Commons Configuration,org.apache.commons.configuration2.tree,NodeCombiner,31,0,0,0,10,0,6,0,6,0
Apache Commons Configuration,org.apache.commons.configuration2.tree,NodeTracker.TrackedNodeData,95,0,8,0,17,0,13,0,9,0
Apache Commons Configuration,org.apache.commons.configuration2.tree,TrackedNodeHandler,21,0,0,0,7,0,4,0,4,0
Apache Commons Configuration,org.apache.commons.configuration2.tree,ImmutableNode.Builder,177,0,24,0,61,0,29,0,17,0
Apache Commons Configuration,org.apache.commons.configuration2.tree,InMemoryNodeModel,1061,0,94,0,265,0,104,0,57,0
Apache Commons Configuration,org.apache.commons.configuration2.tree,ModelTransaction.AddAttributesOperation,16,0,0,0,4,0,2,0,2,0
Apache Commons Configuration,org.apache.commons.configuration2.tree,ReferenceTracker,146,0,20,0,38,0,16,0,6,0
Apache Commons Configuration,org.apache.commons.configuration2.tree,InMemoryNodeModel.new InMemoryNodeModel.TransactionInitializer() {...},79,0,8,0,18,0,6,0,2,0
Apache Commons Configuration,org.apache.commons.configuration2.tree,InMemoryNodeModel.new ConfigurationNodeVisitorAdapter() {...},25,0,2,0,5,0,3,0,2,0
Apache Commons Configuration,org.apache.commons.configuration2.tree,InMemoryNodeModel.new InMemoryNodeModel.TransactionInitializer() {...},85,0,6,0,20,0,5,0,2,0
Apache Commons Configuration,org.apache.commons.configuration2.tree,InMemoryNodeModel.new InMemoryNodeModel.TransactionInitializer() {...},26,0,0,0,5,0,2,0,2,0
Apache Commons Configuration,org.apache.commons.configuration2.tree,InMemoryNodeModel.new InMemoryNodeModel.TransactionInitializer() {...},88,0,6,0,20,0,5,0,2,0
Apache Commons Configuration,org.apache.commons.configuration2.tree,InMemoryNodeModel.new InMemoryNodeModel.TransactionInitializer() {...},65,0,8,0,16,0,6,0,2,0
Apache Commons Configuration,org.apache.commons.configuration2.tree,InMemoryNodeModel.new InMemoryNodeModel.TransactionInitializer() {...},27,0,0,0,3,0,2,0,2,0
Apache Commons Configuration,org.apache.commons.configuration2.tree,ModelTransaction.Operations,149,0,16,0,36,0,15,0,7,0
Apache Commons Configuration,org.apache.commons.configuration2.tree,ModelTransaction.ChangeNodeNameOperation,16,0,0,0,4,0,2,0,2,0
Apache Commons Configuration,org.apache.commons.configuration2.tree,ConfigurationNodeVisitorAdapter,7,0,0,0,4,0,4,0,4,0
Apache Commons Configuration,org.apache.commons.configuration2.tree,AbstractImmutableNodeHandler,115,0,14,0,24,0,22,0,15,0
Apache Commons Configuration,org.apache.commons.configuration2.tree,NodeCombiner.new AbstractImmutableNodeHandler() {...},7,0,0,0,3,0,3,0,3,0
Apache Commons Configuration,org.apache.commons.configuration2.tree,NodeAddData,38,0,2,0,13,0,7,0,6,0
Apache Commons Configuration,org.apache.commons.configuration2.tree,ModelTransaction.Operation,6,0,0,0,1,0,1,0,1,0
Apache Commons Configuration,org.apache.commons.configuration2.tree,ModelTransaction.RemoveAttributeOperation,16,0,0,0,4,0,2,0,2,0
Apache Commons Configuration,org.apache.commons.configuration2.tree,TreeData,157,0,10,0,36,0,18,0,13,0
Apache Commons Configuration,org.apache.commons.configuration2.tree,MergeCombiner,218,0,28,0,47,0,19,0,5,0
Apache Commons Configuration,org.apache.commons.configuration2.tree,DefaultExpressionEngineSymbols,166,0,4,0,45,0,14,0,12,0
Apache Commons Configuration,org.apache.commons.configuration2.tree,ModelTransaction.new ConfigurationNodeVisitorAdapter() {...},23,0,0,0,5,0,2,0,2,0
Apache Commons Configuration,org.apache.commons.configuration2.tree,NodeHandlerDecorator,86,0,0,0,16,0,16,0,16,0
Apache Commons Configuration,org.apache.commons.configuration2.tree,TreeUtils,113,0,12,0,22,0,8,0,2,0
Apache Commons Configuration,org.apache.commons.configuration2.tree,UnionCombiner,119,0,16,0,25,0,11,0,3,0
Apache Commons Configuration,org.apache.commons.configuration2.tree,NodeTreeWalker,123,0,22,0,33,0,18,0,7,0
Apache Commons Configuration,org.apache.commons.configuration2.tree,DefaultExpressionEngineSymbols.Builder,66,0,0,0,23,0,9,0,9,0
Apache Commons Configuration,org.apache.commons.configuration2.tree,ModelTransaction.ChildrenUpdateOperation,144,0,10,0,33,0,14,0,9,0
Apache Commons Configuration,org.apache.commons.configuration2.interpol,InterpolatorSpecification.Builder,124,0,12,0,37,0,16,0,10,0
Apache Commons Configuration,org.apache.commons.configuration2.interpol,ExprLookup,181,0,10,0,50,0,20,0,15,0
Apache Commons Configuration,org.apache.commons.configuration2.interpol,ConstantLookup,109,0,8,0,32,0,10,0,6,0
Apache Commons Configuration,org.apache.commons.configuration2.interpol,ExprLookup.Variable,68,0,4,0,23,0,8,0,6,0
Apache Commons Configuration,org.apache.commons.configuration2.interpol,ConfigurationInterpolator,311,0,42,0,80,0,47,0,26,0
Apache Commons Configuration,org.apache.commons.configuration2.interpol,ConfigurationInterpolator.new StrLookup() {...},18,0,2,0,3,0,3,0,2,0
Apache Commons Configuration,org.apache.commons.configuration2.interpol,ExprLookup.new StrLookup() {...},21,0,2,0,3,0,3,0,2,0
Apache Commons Configuration,org.apache.commons.configuration2.interpol,ExprLookup.Variables,20,0,2,0,7,0,4,0,3,0
Apache Commons Configuration,org.apache.commons.configuration2.interpol,SystemPropertiesLookup,11,0,0,0,4,0,2,0,2,0
Apache Commons Configuration,org.apache.commons.configuration2.interpol,EnvironmentLookup,6,0,0,0,2,0,2,0,2,0
Apache Commons Configuration,org.apache.commons.configuration2.interpol,DefaultLookups,63,0,0,0,10,0,4,0,4,0
Apache Commons Configuration,org.apache.commons.configuration2.interpol,InterpolatorSpecification,39,0,0,0,14,0,5,0,5,0
Apache Commons Configuration,org.apache.commons.configuration2.interpol,DummyLookup,16,0,0,0,3,0,2,0,2,0
Apache Commons Configuration,org.apache.commons.configuration2.web,ServletConfiguration,26,0,0,0,8,0,4,0,4,0
Apache Commons Configuration,org.apache.commons.configuration2.web,BaseWebConfiguration,51,0,8,0,10,0,10,0,6,0
Apache Commons Configuration,org.apache.commons.configuration2.web,AppletConfiguration,45,0,4,0,9,0,5,0,3,0
Apache Commons Configuration,org.apache.commons.configuration2.web,ServletContextConfiguration,29,0,0,0,9,0,4,0,4,0
Apache Commons Configuration,org.apache.commons.configuration2.web,ServletFilterConfiguration,21,0,0,0,6,0,3,0,3,0
Apache Commons Configuration,org.apache.commons.configuration2.web,ServletRequestConfiguration,77,0,10,0,17,0,8,0,3,0
Apache Commons Configuration,org.apache.commons.configuration2.spring,ConfigurationPropertiesFactoryBean,160,0,20,0,35,0,24,0,14,0
Apache Commons Configuration,org.apache.commons.configuration2.spring,ConfigurationPropertySource,40,0,2,0,10,0,5,0,4,0
