<?xml version="1.0" encoding="UTF-8" standalone="yes"?><!DOCTYPE report PUBLIC "-//JACOCO//DTD Report 1.1//EN" "report.dtd"><report name="Apache Commons Collections"><sessioninfo id="Sourabh-a8c03ca" start="1585184266720" dump="1585184282615"/><sessioninfo id="Sourabh-dccb315e" start="1585184413748" dump="1585184431963"/><sessioninfo id="Sourabh-277037e3" start="1585184691262" dump="1585184709610"/><sessioninfo id="Sourabh-149ca18a" start="1585184953353" dump="1585184968280"/><sessioninfo id="Sourabh-2a6f9924" start="1585185055705" dump="1585185070439"/><sessioninfo id="Sourabh-d0e1ad4f" start="1585185355096" dump="1585185370097"/><sessioninfo id="Sourabh-f4db3645" start="1585185567675" dump="1585185582847"/><sessioninfo id="Sourabh-2c0db08c" start="1585187055383" dump="1585187070873"/></report>