GROUP,PACKAGE,CLASS,INSTRUCTION_MISSED,INSTRUCTION_COVERED,BRANCH_MISSED,BRANCH_COVERED,LINE_MISSED,LINE_COVERED,COMPLEXITY_MISSED,COMPLEXITY_COVERED,METHOD_MISSED,METHOD_COVERED
fastjson,com.alibaba.fastjson.support.hsf,HSFJSONUtils,14,241,5,23,5,65,6,11,1,2
fastjson,com.alibaba.fastjson.support.spring,FastJsonpResponseBodyAdvice,11,100,3,7,2,23,4,10,1,8
fastjson,com.alibaba.fastjson.support.spring,FastJsonpHttpMessageConverter4,0,42,0,0,0,10,0,8,0,8
fastjson,com.alibaba.fastjson.support.spring,FastJsonHttpMessageConverter.Spring4TypeResolvableHelper,92,64,15,13,20,22,10,8,0,4
fastjson,com.alibaba.fastjson.support.spring,PropertyPreFilters,36,25,0,0,9,6,4,3,4,3
fastjson,com.alibaba.fastjson.support.spring,MappingFastJsonValue,7,54,2,4,3,18,4,6,2,5
fastjson,com.alibaba.fastjson.support.spring,FastJsonRedisSerializer,37,40,0,6,7,10,2,6,2,3
fastjson,com.alibaba.fastjson.support.spring,FastJsonHttpMessageConverter4,0,42,0,0,0,10,0,8,0,8
fastjson,com.alibaba.fastjson.support.spring,GenericFastJsonRedisSerializer,15,58,0,6,2,11,0,7,0,4
fastjson,com.alibaba.fastjson.support.spring,FastJsonHttpMessageConverter,42,268,4,16,8,74,4,29,0,23
fastjson,com.alibaba.fastjson.support.spring,FastJsonJsonView,23,320,5,25,4,91,6,33,1,23
fastjson,com.alibaba.fastjson.support.spring,FastJsonContainer,4,16,0,0,2,7,1,4,1,4
fastjson,com.alibaba.fastjson.support.spring,PropertyPreFilters.MySimplePropertyPreFilter,32,25,2,2,7,6,4,3,3,2
fastjson,com.alibaba.fastjson.support.spring,FastJsonViewResponseBodyAdvice,3,104,2,8,0,16,2,8,0,5
fastjson,com.alibaba.fastjson.support.spring,FastjsonSockJsMessageCodec,12,22,0,0,2,6,2,2,2,2
fastjson,com.alibaba.fastjson.support.spring,JSONPResponseBodyAdvice,18,69,5,7,2,18,5,6,1,4
fastjson,com.alibaba.fastjson.support.jaxrs,FastJsonFeature,2,52,1,3,1,9,1,4,0,3
fastjson,com.alibaba.fastjson.support.jaxrs,FastJsonProvider,48,301,4,34,11,77,4,37,1,21
fastjson,com.alibaba.fastjson.support.jaxrs,FastJsonAutoDiscoverable,0,20,1,3,0,6,1,4,0,3
fastjson,com.alibaba.fastjson.asm,Label,0,127,0,8,0,27,0,8,0,4
fastjson,com.alibaba.fastjson.asm,TypeCollector.new HashMap() {...},0,43,0,0,0,10,0,1,0,1
fastjson,com.alibaba.fastjson.asm,MethodCollector,3,75,3,7,0,15,3,5,0,3
fastjson,com.alibaba.fastjson.asm,ClassReader,65,613,16,57,17,150,13,33,0,7
fastjson,com.alibaba.fastjson.asm,TypeCollector,56,133,10,18,8,28,9,10,0,5
fastjson,com.alibaba.fastjson.asm,ClassWriter,14,704,3,51,1,140,3,37,0,13
fastjson,com.alibaba.fastjson.asm,Item,10,158,3,19,1,32,2,16,0,5
fastjson,com.alibaba.fastjson.asm,MethodWriter,30,446,10,36,4,92,10,28,0,15
fastjson,com.alibaba.fastjson.asm,Type,62,341,17,45,17,76,16,34,1,9
fastjson,com.alibaba.fastjson.asm,FieldWriter,0,55,0,2,0,16,0,5,0,4
fastjson,com.alibaba.fastjson.asm,ByteVector,8,321,5,19,2,71,5,17,0,10
fastjson,com.alibaba.fastjson.util,JavaBeanInfo,68,2197,57,389,20,491,55,179,1,10
fastjson,com.alibaba.fastjson.util,AntiCollisionHashMap.EntryIterator,10,0,0,0,2,0,2,0,2,0
fastjson,com.alibaba.fastjson.util,ASMClassLoader.new PrivilegedAction() {...},0,6,0,0,0,2,0,2,0,2
fastjson,com.alibaba.fastjson.util,Base64,680,0,92,0,97,0,51,0,5,0
fastjson,com.alibaba.fastjson.util,AntiCollisionHashMap.EntrySet,51,0,8,0,11,0,10,0,6,0
fastjson,com.alibaba.fastjson.util,AntiCollisionHashMap.HashIterator,130,0,22,0,28,0,15,0,4,0
fastjson,com.alibaba.fastjson.util,UTF8Decoder,559,0,99,0,89,0,64,0,13,0
fastjson,com.alibaba.fastjson.util,AntiCollisionHashMap,1188,0,162,0,267,0,122,0,41,0
fastjson,com.alibaba.fastjson.util,UTF8Decoder.Surrogate,56,0,14,0,6,0,11,0,4,0
fastjson,com.alibaba.fastjson.util,ASMClassLoader,7,326,1,11,4,29,1,12,0,7
fastjson,com.alibaba.fastjson.util,ThreadLocalCache,111,63,20,6,32,16,19,4,6,4
fastjson,com.alibaba.fastjson.util,ASMUtils,30,297,7,45,11,73,7,29,0,10
fastjson,com.alibaba.fastjson.util,AntiCollisionHashMap.ValueIterator,11,0,0,0,2,0,2,0,2,0
fastjson,com.alibaba.fastjson.util,AntiCollisionHashMap.KeySet,32,0,2,0,7,0,7,0,6,0
fastjson,com.alibaba.fastjson.util,IdentityHashMap,0,138,0,18,0,32,0,14,0,5
fastjson,com.alibaba.fastjson.util,AntiCollisionHashMap.Entry,104,0,18,0,27,0,18,0,9,0
fastjson,com.alibaba.fastjson.util,AntiCollisionHashMap.KeyIterator,11,0,0,0,2,0,2,0,2,0
fastjson,com.alibaba.fastjson.util,IOUtils,107,3340,39,223,32,356,38,113,1,19
fastjson,com.alibaba.fastjson.util,AntiCollisionHashMap.Values,23,0,0,0,6,0,5,0,5,0
fastjson,com.alibaba.fastjson.util,IOUtils.new PrivilegedAction() {...},3,12,1,1,1,4,1,2,0,2
fastjson,com.alibaba.fastjson.util,TypeUtils,456,5079,160,928,130,1198,137,475,3,65
fastjson,com.alibaba.fastjson.util,IdentityHashMap.Entry,0,15,0,0,0,6,0,1,0,1
fastjson,com.alibaba.fastjson.util,ParameterizedTypeImpl,19,95,13,11,0,18,11,7,0,6
fastjson,com.alibaba.fastjson.util,ServiceLoader,2,134,1,13,1,43,1,10,0,4
fastjson,com.alibaba.fastjson.util,FieldInfo,26,964,34,162,8,256,32,82,0,16
fastjson,com.alibaba.fastjson.parser.deserializer,EnumDeserializer,2,244,3,23,1,53,3,15,0,5
fastjson,com.alibaba.fastjson.parser.deserializer,MapDeserializer,65,776,16,110,12,186,14,57,0,8
fastjson,com.alibaba.fastjson.parser.deserializer,JSONPDeserializer,28,97,3,7,3,29,4,5,1,3
fastjson,com.alibaba.fastjson.parser.deserializer,SqlDateDeserializer,0,210,0,26,0,56,0,19,0,6
fastjson,com.alibaba.fastjson.parser.deserializer,ResolveFieldDeserializer,55,82,6,6,16,27,5,6,1,4
fastjson,com.alibaba.fastjson.parser.deserializer,Jdk8DateCodec,192,719,72,140,47,207,50,66,1,9
fastjson,com.alibaba.fastjson.parser.deserializer,ArrayListTypeFieldDeserializer,68,295,20,40,15,80,15,19,0,4
fastjson,com.alibaba.fastjson.parser.deserializer,ContextObjectDeserializer,0,11,0,0,0,2,0,2,0,2
fastjson,com.alibaba.fastjson.parser.deserializer,TimeDeserializer,0,155,1,27,0,44,1,17,0,4
fastjson,com.alibaba.fastjson.parser.deserializer,JavaBeanDeserializer,214,3030,85,525,56,745,85,246,3,23
fastjson,com.alibaba.fastjson.parser.deserializer,PropertyProcessableDeserializer,8,19,0,0,3,7,1,2,1,2
fastjson,com.alibaba.fastjson.parser.deserializer,ASMDeserializerFactory,141,7334,11,251,24,1240,11,145,0,25
fastjson,com.alibaba.fastjson.parser.deserializer,JavaObjectDeserializer,4,71,1,11,1,18,1,9,0,4
fastjson,com.alibaba.fastjson.parser.deserializer,StackTraceElementDeserializer,60,290,18,56,15,74,12,29,0,4
fastjson,com.alibaba.fastjson.parser.deserializer,DefaultFieldDeserializer,19,232,3,35,5,58,4,20,1,4
fastjson,com.alibaba.fastjson.parser.deserializer,AbstractDateDeserializer,17,249,7,31,6,70,6,16,0,3
fastjson,com.alibaba.fastjson.parser.deserializer,NumberDeserializer,7,286,4,62,2,58,4,33,0,4
fastjson,com.alibaba.fastjson.parser.deserializer,FieldDeserializer,7,299,9,49,2,74,11,26,2,6
fastjson,com.alibaba.fastjson.parser.deserializer,ThrowableDeserializer,13,380,8,70,1,103,8,35,0,4
fastjson,com.alibaba.fastjson.parser.deserializer,OptionalCodec,18,156,2,30,4,55,3,18,1,4
fastjson,com.alibaba.fastjson.parser.deserializer,ASMDeserializerFactory.Context,0,100,0,6,0,24,0,7,0,4
fastjson,com.alibaba.fastjson.serializer,ArraySerializer,0,109,1,13,0,28,1,8,0,2
fastjson,com.alibaba.fastjson.serializer,BooleanCodec,4,107,1,15,2,34,1,12,0,5
fastjson,com.alibaba.fastjson.serializer,CharArrayCodec,4,116,2,18,1,34,2,12,0,4
fastjson,com.alibaba.fastjson.serializer,AnnotationSerializer,4,74,2,4,3,18,2,4,0,3
fastjson,com.alibaba.fastjson.serializer,SerializeFilterable,0,516,5,105,0,123,5,65,0,15
fastjson,com.alibaba.fastjson.serializer,IntegerCodec,9,135,2,18,3,42,2,13,0,5
fastjson,com.alibaba.fastjson.serializer,EnumSerializer,0,16,0,0,0,5,0,3,0,3
fastjson,com.alibaba.fastjson.serializer,EnumerationSerializer,0,94,0,12,0,29,0,9,0,3
fastjson,com.alibaba.fastjson.serializer,AfterFilter,0,54,0,2,0,15,0,5,0,4
fastjson,com.alibaba.fastjson.serializer,AppendableSerializer,0,22,0,2,0,8,0,4,0,3
fastjson,com.alibaba.fastjson.serializer,BeforeFilter,0,54,0,2,0,15,0,5,0,4
fastjson,com.alibaba.fastjson.serializer,PascalNameFilter,0,27,0,4,0,7,0,4,0,2
fastjson,com.alibaba.fastjson.serializer,SerializeBeanInfo,0,24,0,0,0,9,0,1,0,1
fastjson,com.alibaba.fastjson.serializer,LongCodec,4,115,2,18,1,31,2,13,0,5
fastjson,com.alibaba.fastjson.serializer,Labels,3,12,0,0,1,2,1,2,1,2
fastjson,com.alibaba.fastjson.serializer,ASMSerializerFactory.Context,0,130,2,10,0,30,2,9,0,5
fastjson,com.alibaba.fastjson.serializer,SimplePropertyPreFilter,3,115,1,21,1,33,2,17,1,7
fastjson,com.alibaba.fastjson.serializer,MiscCodec,84,627,16,106,16,192,15,52,0,6
fastjson,com.alibaba.fastjson.serializer,SerializeWriter,2348,5300,345,647,426,1050,211,359,4,70
fastjson,com.alibaba.fastjson.serializer,JSONSerializerMap,0,8,0,0,0,2,0,2,0,2
fastjson,com.alibaba.fastjson.serializer,SimpleDateFormatSerializer,0,35,0,2,0,12,0,3,0,2
fastjson,com.alibaba.fastjson.serializer,FieldSerializer,37,594,18,104,9,132,16,51,1,5
fastjson,com.alibaba.fastjson.serializer,BigIntegerCodec,6,52,2,4,2,17,2,7,0,6
fastjson,com.alibaba.fastjson.serializer,JSONSerializableSerializer,0,18,0,0,0,5,0,3,0,3
fastjson,com.alibaba.fastjson.serializer,ReferenceCodec,0,73,0,8,0,21,0,9,0,5
fastjson,com.alibaba.fastjson.serializer,ToStringSerializer,0,23,0,2,0,9,0,4,0,3
fastjson,com.alibaba.fastjson.serializer,Labels.DefaultLabelFilter,0,64,1,11,0,14,1,7,0,2
fastjson,com.alibaba.fastjson.serializer,ASMSerializerFactory,108,6727,29,357,20,1308,29,194,0,30
fastjson,com.alibaba.fastjson.serializer,GuavaCodec,0,22,1,1,0,7,1,3,0,3
fastjson,com.alibaba.fastjson.serializer,DoubleSerializer,4,62,1,7,2,20,1,8,0,5
fastjson,com.alibaba.fastjson.serializer,SerialContext,12,54,0,4,4,11,4,4,4,2
fastjson,com.alibaba.fastjson.serializer,CalendarCodec,17,265,5,23,5,66,5,15,0,6
fastjson,com.alibaba.fastjson.serializer,JavaBeanSerializer,174,1370,38,278,33,319,40,146,5,23
fastjson,com.alibaba.fastjson.serializer,JSONAwareSerializer,3,21,1,1,2,7,1,3,0,3
fastjson,com.alibaba.fastjson.serializer,CharacterCodec,0,46,0,6,0,16,0,8,0,5
fastjson,com.alibaba.fastjson.serializer,SerializerFeature,17,389,5,7,3,52,4,9,1,6
fastjson,com.alibaba.fastjson.serializer,AtomicCodec,0,191,0,28,0,54,0,19,0,5
fastjson,com.alibaba.fastjson.serializer,AwtCodec,34,753,4,102,4,188,4,61,0,12
fastjson,com.alibaba.fastjson.serializer,SerializeConfig,74,1689,40,230,40,336,41,116,2,20
fastjson,com.alibaba.fastjson.serializer,MapSerializer,105,468,55,107,21,122,37,48,0,4
fastjson,com.alibaba.fastjson.serializer,ObjectArrayCodec,56,372,13,53,15,110,9,30,0,6
fastjson,com.alibaba.fastjson.serializer,CollectionCodec,4,196,2,30,2,54,2,19,0,5
fastjson,com.alibaba.fastjson.serializer,ClobSeriliazer,7,61,0,4,2,22,0,5,0,3
fastjson,com.alibaba.fastjson.serializer,BigDecimalCodec,4,100,2,14,1,28,2,12,0,6
fastjson,com.alibaba.fastjson.serializer,JSONSerializer,40,588,18,76,7,164,15,71,0,39
fastjson,com.alibaba.fastjson.serializer,FloatCodec,4,107,1,9,2,34,1,12,0,8
fastjson,com.alibaba.fastjson.serializer,AdderSerializer,0,39,1,3,0,10,1,4,0,3
fastjson,com.alibaba.fastjson.serializer,BeanContext,4,52,0,0,1,15,1,11,1,11
fastjson,com.alibaba.fastjson.serializer,JSONLibDataFormatSerializer,0,83,0,2,0,18,0,3,0,2
fastjson,com.alibaba.fastjson.serializer,PrimitiveArraySerializer,0,248,0,44,0,73,0,25,0,3
fastjson,com.alibaba.fastjson.serializer,StringCodec,0,137,0,20,0,45,0,17,0,7
fastjson,com.alibaba.fastjson.serializer,DateCodec,23,457,7,61,3,119,7,32,0,5
fastjson,com.alibaba.fastjson.serializer,FieldSerializer.RuntimeSerializerInfo,0,9,0,0,0,4,0,1,0,1
fastjson,com.alibaba.fastjson.serializer,ListSerializer,21,263,5,37,5,70,5,19,0,3
fastjson,com.alibaba.fastjson.support.retrofit,Retrofit2ConverterFactory.RequestBodyConverter,31,0,4,0,8,0,4,0,2,0
fastjson,com.alibaba.fastjson.support.retrofit,Retrofit2ConverterFactory,67,0,0,0,23,0,14,0,14,0
fastjson,com.alibaba.fastjson.support.retrofit,Retrofit2ConverterFactory.ResponseBodyConverter,34,0,2,0,10,0,3,0,2,0
fastjson,com.alibaba.fastjson.support.config,FastJsonConfig,0,121,0,4,0,40,0,21,0,19
fastjson,com.alibaba.fastjson.parser,DefaultJSONParser,365,3462,66,484,74,853,53,298,2,62
fastjson,com.alibaba.fastjson.parser,JSONReaderScanner,115,602,29,67,27,130,27,44,1,22
fastjson,com.alibaba.fastjson.parser,JSONScanner,488,5508,145,861,121,1240,135,411,0,43
fastjson,com.alibaba.fastjson.parser,ParserConfig,172,2047,49,321,41,427,50,167,4,28
fastjson,com.alibaba.fastjson.parser,ParseContext,0,62,0,6,0,12,0,5,0,2
fastjson,com.alibaba.fastjson.parser,JSONLexerBase,3190,10752,625,1572,668,2420,450,783,4,80
fastjson,com.alibaba.fastjson.parser,JSONToken,8,51,4,23,4,25,4,24,0,2
fastjson,com.alibaba.fastjson.parser,Feature,3,270,2,6,1,35,2,8,0,6
fastjson,com.alibaba.fastjson.parser,SymbolTable,5,214,3,23,1,49,3,17,0,7
fastjson,com.alibaba.fastjson.parser,DefaultExtJSONParser,0,23,0,0,0,8,0,4,0,4
fastjson,com.alibaba.fastjson.parser,DefaultJSONParser.ResolveTask,0,9,0,0,0,4,0,1,0,1
fastjson,com.alibaba.fastjson,JSON,78,1428,16,120,18,338,19,117,4,64
fastjson,com.alibaba.fastjson,JSONPath.IntInSegement,3,63,3,7,1,14,3,4,0,2
fastjson,com.alibaba.fastjson,JSONReader,0,520,0,63,0,157,0,67,0,29
fastjson,com.alibaba.fastjson,JSONPath.NullSegement,0,24,0,2,0,6,0,3,0,2
fastjson,com.alibaba.fastjson,JSONPath.RlikeSegement,0,51,0,6,0,15,0,5,0,2
fastjson,com.alibaba.fastjson,JSONObject,7,674,2,74,1,182,2,88,0,52
fastjson,com.alibaba.fastjson,JSONPath.IntOpSegement,4,113,2,26,2,23,2,14,0,2
fastjson,com.alibaba.fastjson,JSONPObject,18,74,1,7,6,21,5,9,4,6
fastjson,com.alibaba.fastjson,JSONPath.WildCardSegement,0,12,0,0,0,3,0,3,0,3
fastjson,com.alibaba.fastjson,PropertyNamingStrategy,2,195,3,26,1,40,3,15,0,2
fastjson,com.alibaba.fastjson,JSONStreamContext,0,9,0,0,0,4,0,1,0,1
fastjson,com.alibaba.fastjson,JSONPath.StringInSegement,2,65,2,10,0,13,2,6,0,2
fastjson,com.alibaba.fastjson,JSONPath.Operator,0,144,0,0,0,2,0,1,0,1
fastjson,com.alibaba.fastjson,JSONPath.NotNullSegement,0,24,0,2,0,6,0,3,0,2
fastjson,com.alibaba.fastjson,JSONPath.MultiIndexSegement,0,36,0,2,0,8,0,3,0,2
fastjson,com.alibaba.fastjson,TypeReference,8,129,2,10,1,30,2,8,0,4
fastjson,com.alibaba.fastjson,JSONPath.MultiPropertySegement,0,62,0,4,0,11,0,4,0,2
fastjson,com.alibaba.fastjson,JSONPath.DoubleOpSegement,71,46,23,5,13,12,13,3,0,2
fastjson,com.alibaba.fastjson,JSONArray,25,517,0,30,7,142,4,79,4,64
fastjson,com.alibaba.fastjson,TypeReference.new TypeReference() {...},0,3,0,0,0,1,0,1,0,1
fastjson,com.alibaba.fastjson,JSONPath.RangeSegement,4,81,1,9,0,16,1,6,0,2
fastjson,com.alibaba.fastjson,JSONPath.IntObjInSegement,5,92,4,14,1,19,4,7,0,2
fastjson,com.alibaba.fastjson,JSONPathException,0,9,0,0,0,4,0,2,0,2
fastjson,com.alibaba.fastjson,JSONWriter,0,239,3,31,0,97,3,40,0,20
fastjson,com.alibaba.fastjson,JSONPath,307,1947,66,320,67,511,62,173,1,41
fastjson,com.alibaba.fastjson,JSONPath.MatchSegement,0,160,0,28,0,38,0,16,0,2
fastjson,com.alibaba.fastjson,JSONPath.FilterSegement,2,52,1,9,1,16,1,6,0,2
fastjson,com.alibaba.fastjson,JSONPath.IntBetweenSegement,2,56,3,7,1,14,3,4,0,2
fastjson,com.alibaba.fastjson,JSONPath.JSONPathParser,291,1720,83,319,42,403,74,143,0,16
fastjson,com.alibaba.fastjson,JSONPath.StringOpSegement,4,94,3,21,1,22,3,11,0,2
fastjson,com.alibaba.fastjson,JSONException,0,12,0,0,0,6,0,3,0,3
fastjson,com.alibaba.fastjson,JSONPath.SizeSegement,0,13,0,0,0,3,0,3,0,3
fastjson,com.alibaba.fastjson,JSONPath.PropertySegement,0,64,0,4,0,15,0,6,0,4
fastjson,com.alibaba.fastjson,JSONPath.ValueSegment,11,39,4,2,2,12,3,2,0,2
fastjson,com.alibaba.fastjson,JSONPath.ArrayAccessSegement,0,27,0,0,0,6,0,4,0,4
fastjson,com.alibaba.fastjson.support.springfox,SwaggerJsonSerializer,0,21,0,0,0,7,0,3,0,3
