GROUP,PACKAGE,CLASS,INSTRUCTION_MISSED,INSTRUCTION_COVERED,BRANCH_MISSED,BRANCH_COVERED,LINE_MISSED,LINE_COVERED,COMPLEXITY_MISSED,COMPLEXITY_COVERED,METHOD_MISSED,METHOD_COVERED
Apache Commons Lang,org.apache.commons.lang3.text.translate,UnicodeUnescaper,0,119,2,14,0,17,2,8,0,2
Apache Commons Lang,org.apache.commons.lang3.text.translate,AggregateTranslator,0,37,0,4,0,8,0,4,0,2
Apache Commons Lang,org.apache.commons.lang3.text.translate,CharSequenceTranslator,6,185,2,16,2,34,2,13,0,6
Apache Commons Lang,org.apache.commons.lang3.text.translate,JavaUnicodeEscaper,15,35,0,0,3,5,3,3,3,3
Apache Commons Lang,org.apache.commons.lang3.text.translate,CodePointTranslator,0,18,0,2,0,4,0,3,0,2
Apache Commons Lang,org.apache.commons.lang3.text.translate,UnicodeEscaper,16,105,0,12,3,22,2,12,2,6
Apache Commons Lang,org.apache.commons.lang3.text.translate,UnicodeUnpairedSurrogateRemover,0,13,0,4,0,4,0,4,0,2
Apache Commons Lang,org.apache.commons.lang3.text.translate,NumericEntityUnescaper.OPTION,0,34,0,0,0,1,0,1,0,1
Apache Commons Lang,org.apache.commons.lang3.text.translate,OctalUnescaper,1,115,4,20,0,17,4,12,0,4
Apache Commons Lang,org.apache.commons.lang3.text.translate,LookupTranslator,0,132,1,15,0,28,1,9,0,2
Apache Commons Lang,org.apache.commons.lang3.text.translate,NumericEntityEscaper,0,76,0,10,0,20,0,12,0,7
Apache Commons Lang,org.apache.commons.lang3.text.translate,EntityArrays,0,3463,0,2,0,26,0,14,0,13
Apache Commons Lang,org.apache.commons.lang3.text.translate,NumericEntityUnescaper,2,203,5,43,0,41,5,22,0,3
Apache Commons Lang,org.apache.commons.lang3,LocaleUtils,6,489,11,75,0,90,10,44,0,10
Apache Commons Lang,org.apache.commons.lang3,EnumUtils,0,361,1,25,0,68,1,25,0,13
Apache Commons Lang,org.apache.commons.lang3,SerializationUtils.ClassLoaderAwareObjectInputStream,8,77,1,1,2,21,1,3,0,3
Apache Commons Lang,org.apache.commons.lang3,StringEscapeUtils.CsvEscaper,5,64,1,3,1,10,1,4,0,3
Apache Commons Lang,org.apache.commons.lang3,ClassUtils.2.new Iterator() {...},4,94,1,9,1,17,2,8,1,4
Apache Commons Lang,org.apache.commons.lang3,Conversion,194,2650,84,376,32,429,75,229,1,43
Apache Commons Lang,org.apache.commons.lang3,AnnotationUtils.new ToStringStyle() {...},7,76,4,4,2,23,4,3,0,3
Apache Commons Lang,org.apache.commons.lang3,ThreadUtils.NamePredicate,0,37,2,8,0,7,2,6,0,3
Apache Commons Lang,org.apache.commons.lang3,CharUtils,0,356,0,56,0,60,0,53,0,25
Apache Commons Lang,org.apache.commons.lang3,AnnotationUtils,48,455,9,83,21,93,10,47,1,10
Apache Commons Lang,org.apache.commons.lang3,CharRange.CharacterIterator,4,126,0,18,1,29,1,13,1,4
Apache Commons Lang,org.apache.commons.lang3,NotImplementedException,0,42,0,0,0,16,0,7,0,7
Apache Commons Lang,org.apache.commons.lang3,ArrayUtils.new Comparator() {...},0,7,0,0,0,2,0,2,0,2
Apache Commons Lang,org.apache.commons.lang3,BooleanUtils,0,800,9,245,0,190,9,161,0,41
Apache Commons Lang,org.apache.commons.lang3,ObjectUtils,33,621,1,95,6,148,1,84,0,37
Apache Commons Lang,org.apache.commons.lang3,ThreadUtils.AlwaysTruePredicate,0,4,0,0,0,2,0,2,0,2
Apache Commons Lang,org.apache.commons.lang3,ThreadUtils.ThreadIdPredicate,0,27,1,5,0,6,1,4,0,2
Apache Commons Lang,org.apache.commons.lang3,StringUtils,22,6554,26,1425,6,1600,27,919,1,219
Apache Commons Lang,org.apache.commons.lang3,SerializationUtils,23,134,1,13,8,44,1,13,0,7
Apache Commons Lang,org.apache.commons.lang3,CharSet,0,301,0,34,0,60,0,26,0,9
Apache Commons Lang,org.apache.commons.lang3,RandomStringUtils,13,313,2,54,3,63,3,46,1,20
Apache Commons Lang,org.apache.commons.lang3,Range,23,402,6,72,1,82,6,57,0,24
Apache Commons Lang,org.apache.commons.lang3,RandomUtils,6,179,0,26,3,29,2,23,2,10
Apache Commons Lang,org.apache.commons.lang3,BitField,0,139,0,12,0,21,0,24,0,18
Apache Commons Lang,org.apache.commons.lang3,CharRange,0,241,1,49,0,44,1,38,0,14
Apache Commons Lang,org.apache.commons.lang3,LocaleUtils.SyncAvoid,3,16,0,0,1,4,1,1,1,1
Apache Commons Lang,org.apache.commons.lang3,ClassUtils,41,1322,13,235,13,326,14,154,1,43
Apache Commons Lang,org.apache.commons.lang3,JavaVersion,9,322,5,29,5,56,5,20,0,8
Apache Commons Lang,org.apache.commons.lang3,Validate,22,807,17,107,6,144,17,96,2,49
Apache Commons Lang,org.apache.commons.lang3,ArrayUtils,316,7057,173,1217,123,1752,150,836,6,285
Apache Commons Lang,org.apache.commons.lang3,ClassUtils.Interfaces,0,24,0,0,0,2,0,1,0,1
Apache Commons Lang,org.apache.commons.lang3,CharEncoding,0,13,0,2,0,6,0,3,0,2
Apache Commons Lang,org.apache.commons.lang3,Range.ComparableComparator,0,19,0,0,0,3,0,2,0,2
Apache Commons Lang,org.apache.commons.lang3,StringEscapeUtils.CsvUnescaper,5,88,2,6,1,12,2,5,0,3
Apache Commons Lang,org.apache.commons.lang3,SerializationException,0,16,0,0,0,8,0,4,0,4
Apache Commons Lang,org.apache.commons.lang3,CharSequenceUtils,37,173,13,35,11,44,11,21,0,8
Apache Commons Lang,org.apache.commons.lang3,ObjectUtils.Null,0,5,0,0,0,3,0,2,0,2
Apache Commons Lang,org.apache.commons.lang3,StringEscapeUtils,8,1083,0,0,2,65,2,16,2,16
Apache Commons Lang,org.apache.commons.lang3,CharSetUtils,0,253,1,53,0,62,1,34,0,8
Apache Commons Lang,org.apache.commons.lang3,ThreadUtils,0,298,5,41,0,67,5,34,0,16
Apache Commons Lang,org.apache.commons.lang3,SystemUtils,22,445,14,30,3,125,14,24,0,16
Apache Commons Lang,org.apache.commons.lang3,ClassUtils.1.new Iterator() {...},4,29,0,2,1,5,1,4,1,3
Apache Commons Lang,org.apache.commons.lang3,ClassPathUtils,0,120,0,0,0,14,0,5,0,5
Apache Commons Lang,org.apache.commons.lang3,ClassUtils.new Iterable() {...},0,21,0,0,0,4,0,2,0,2
Apache Commons Lang,org.apache.commons.lang3,ClassUtils.new Iterable() {...},0,18,0,0,0,3,0,2,0,2
Apache Commons Lang,org.apache.commons.lang3.reflect,TypeUtils,812,1507,173,237,150,328,130,129,8,46
Apache Commons Lang,org.apache.commons.lang3.reflect,TypeUtils.WildcardTypeBuilder,0,19,0,0,0,5,0,3,0,3
Apache Commons Lang,org.apache.commons.lang3.reflect,TypeUtils.GenericArrayTypeImpl,25,12,6,0,4,5,5,3,2,3
Apache Commons Lang,org.apache.commons.lang3.reflect,MemberUtils.Executable,0,38,0,0,0,12,0,6,0,6
Apache Commons Lang,org.apache.commons.lang3.reflect,TypeUtils.ParameterizedTypeImpl,31,42,3,3,7,10,4,6,1,6
Apache Commons Lang,org.apache.commons.lang3.reflect,TypeLiteral,13,67,2,2,4,12,4,4,2,4
Apache Commons Lang,org.apache.commons.lang3.reflect,TypeUtils.WildcardTypeImpl,20,47,2,4,5,9,3,7,1,6
Apache Commons Lang,org.apache.commons.lang3.reflect,TypeUtils.new Typed() {...},0,9,0,0,0,2,0,2,0,2
Apache Commons Lang,org.apache.commons.lang3.reflect,MemberUtils,26,398,11,65,6,70,12,40,1,13
Apache Commons Lang,org.apache.commons.lang3.reflect,FieldUtils,13,721,8,74,3,142,9,67,1,34
Apache Commons Lang,org.apache.commons.lang3.reflect,ConstructorUtils,16,186,3,21,4,50,4,17,1,8
Apache Commons Lang,org.apache.commons.lang3.reflect,InheritanceUtils,0,42,0,10,0,12,0,7,0,2
Apache Commons Lang,org.apache.commons.lang3.reflect,MethodUtils,48,799,15,89,13,182,13,65,0,26
Apache Commons Lang,org.apache.commons.lang3.event,EventUtils,27,82,0,0,4,13,0,3,0,3
Apache Commons Lang,org.apache.commons.lang3.event,EventListenerSupport,5,197,1,5,1,50,1,17,0,15
Apache Commons Lang,org.apache.commons.lang3.event,EventUtils.EventBindingInvocationHandler,0,58,0,8,0,11,0,7,0,3
Apache Commons Lang,org.apache.commons.lang3.event,EventListenerSupport.ProxyInvocationHandler,0,25,0,2,0,5,0,3,0,2
Apache Commons Lang,org.apache.commons.lang3.math,IEEE754rUtils,0,231,0,40,0,53,0,33,0,13
Apache Commons Lang,org.apache.commons.lang3.math,NumberUtils,39,1676,41,363,8,409,35,226,1,57
Apache Commons Lang,org.apache.commons.lang3.math,Fraction,32,1271,16,180,6,264,14,119,0,35
Apache Commons Lang,org.apache.commons.lang3.concurrent,BackgroundInitializer.InitializationTask,0,21,0,2,0,6,0,3,0,2
Apache Commons Lang,org.apache.commons.lang3.concurrent,BasicThreadFactory.Builder,0,77,0,6,0,26,0,11,0,8
Apache Commons Lang,org.apache.commons.lang3.concurrent,TimedSemaphore,0,207,0,22,0,60,0,30,0,19
Apache Commons Lang,org.apache.commons.lang3.concurrent,ConcurrentUtils.ConstantFuture,0,18,0,0,0,8,0,6,0,6
Apache Commons Lang,org.apache.commons.lang3.concurrent,CallableBackgroundInitializer,0,31,0,2,0,12,0,5,0,4
Apache Commons Lang,org.apache.commons.lang3.concurrent,EventCountCircuitBreaker.StateStrategyClosed,0,16,0,2,0,3,0,4,0,3
Apache Commons Lang,org.apache.commons.lang3.concurrent,TimedSemaphore.new Runnable() {...},0,10,0,0,0,3,0,2,0,2
Apache Commons Lang,org.apache.commons.lang3.concurrent,AbstractCircuitBreaker.State.new AbstractCircuitBreaker.State() {...},0,8,0,0,0,2,0,2,0,2
Apache Commons Lang,org.apache.commons.lang3.concurrent,AbstractCircuitBreaker.State.new AbstractCircuitBreaker.State() {...},0,8,0,0,0,2,0,2,0,2
Apache Commons Lang,org.apache.commons.lang3.concurrent,LazyInitializer,0,28,1,3,0,9,1,3,0,2
Apache Commons Lang,org.apache.commons.lang3.concurrent,ThresholdCircuitBreaker,0,48,0,4,0,15,0,7,0,5
Apache Commons Lang,org.apache.commons.lang3.concurrent,EventCountCircuitBreaker,1,219,2,10,0,50,2,24,0,20
Apache Commons Lang,org.apache.commons.lang3.concurrent,CircuitBreakingException,16,0,0,0,8,0,4,0,4,0
Apache Commons Lang,org.apache.commons.lang3.concurrent,EventCountCircuitBreaker.StateStrategyOpen,0,22,0,4,0,5,0,5,0,3
Apache Commons Lang,org.apache.commons.lang3.concurrent,ConcurrentUtils,0,160,0,34,0,41,0,29,0,12
Apache Commons Lang,org.apache.commons.lang3.concurrent,ConstantInitializer,0,57,0,6,0,14,0,9,0,6
Apache Commons Lang,org.apache.commons.lang3.concurrent,MultiBackgroundInitializer.MultiBackgroundInitializerResults,0,75,0,2,0,18,0,9,0,8
Apache Commons Lang,org.apache.commons.lang3.concurrent,EventCountCircuitBreaker.CheckIntervalData,0,29,0,2,0,8,0,5,0,4
Apache Commons Lang,org.apache.commons.lang3.concurrent,BackgroundInitializer,4,102,0,10,2,31,0,17,0,12
Apache Commons Lang,org.apache.commons.lang3.concurrent,AtomicInitializer,4,25,1,3,1,7,1,3,0,2
Apache Commons Lang,org.apache.commons.lang3.concurrent,ConcurrentException,3,11,0,0,2,4,1,2,1,2
Apache Commons Lang,org.apache.commons.lang3.concurrent,EventCountCircuitBreaker.StateStrategy,0,13,0,2,0,1,0,2,0,1
Apache Commons Lang,org.apache.commons.lang3.concurrent,MultiBackgroundInitializer,0,157,0,14,0,38,0,12,0,5
Apache Commons Lang,org.apache.commons.lang3.concurrent,AbstractCircuitBreaker,0,73,0,8,0,18,0,13,0,9
Apache Commons Lang,org.apache.commons.lang3.concurrent,ConcurrentRuntimeException,3,11,0,0,2,4,1,2,1,2
Apache Commons Lang,org.apache.commons.lang3.concurrent,AtomicSafeInitializer,0,33,0,4,0,7,0,4,0,2
Apache Commons Lang,org.apache.commons.lang3.concurrent,AbstractCircuitBreaker.State,0,24,0,0,0,3,0,1,0,1
Apache Commons Lang,org.apache.commons.lang3.concurrent,BasicThreadFactory,0,107,0,10,0,29,0,14,0,9
Apache Commons Lang,org.apache.commons.lang3.tuple,MutableTriple,0,43,0,0,0,17,0,9,0,9
Apache Commons Lang,org.apache.commons.lang3.tuple,ImmutableTriple,0,28,0,0,0,9,0,5,0,5
Apache Commons Lang,org.apache.commons.lang3.tuple,Triple,4,130,2,14,0,18,2,13,0,7
Apache Commons Lang,org.apache.commons.lang3.tuple,ImmutablePair,4,21,0,0,1,7,1,4,1,4
Apache Commons Lang,org.apache.commons.lang3.tuple,Pair,2,107,1,11,0,17,1,14,0,9
Apache Commons Lang,org.apache.commons.lang3.tuple,MutablePair,0,40,0,0,0,16,0,8,0,8
Apache Commons Lang,org.apache.commons.lang3.exception,ContextedRuntimeException,0,97,0,2,0,28,0,15,0,14
Apache Commons Lang,org.apache.commons.lang3.exception,CloneFailedException,8,5,0,0,4,2,2,1,2,1
Apache Commons Lang,org.apache.commons.lang3.exception,ExceptionUtils,49,602,6,88,16,140,8,69,4,26
Apache Commons Lang,org.apache.commons.lang3.exception,ContextedException,0,97,0,2,0,28,0,15,0,14
Apache Commons Lang,org.apache.commons.lang3.exception,DefaultExceptionContext,0,227,0,24,0,54,0,20,0,8
Apache Commons Lang,org.apache.commons.lang3.mutable,MutableFloat,0,218,0,4,0,60,0,34,0,32
Apache Commons Lang,org.apache.commons.lang3.mutable,MutableInt,0,209,0,4,0,59,0,32,0,30
Apache Commons Lang,org.apache.commons.lang3.mutable,MutableShort,0,226,0,4,0,60,0,33,0,31
Apache Commons Lang,org.apache.commons.lang3.mutable,MutableDouble,0,226,0,4,0,61,0,34,0,32
Apache Commons Lang,org.apache.commons.lang3.mutable,MutableByte,0,226,0,4,0,60,0,33,0,31
Apache Commons Lang,org.apache.commons.lang3.mutable,MutableBoolean,0,93,0,10,0,27,0,21,0,16
Apache Commons Lang,org.apache.commons.lang3.mutable,MutableLong,0,216,0,4,0,59,0,32,0,30
Apache Commons Lang,org.apache.commons.lang3.mutable,MutableObject,0,59,0,10,0,18,0,12,0,7
Apache Commons Lang,org.apache.commons.lang3.builder,CompareToBuilder,55,989,30,210,22,236,32,119,2,29
Apache Commons Lang,org.apache.commons.lang3.builder,RecursiveToStringStyle,0,47,1,5,0,13,1,6,0,4
Apache Commons Lang,org.apache.commons.lang3.builder,ToStringStyle.JsonToStringStyle,207,193,42,22,53,51,33,17,8,10
Apache Commons Lang,org.apache.commons.lang3.builder,DiffBuilder.new Diff() {...},0,21,0,0,0,3,0,3,0,3
Apache Commons Lang,org.apache.commons.lang3.builder,DiffBuilder.new Diff() {...},0,21,0,0,0,3,0,3,0,3
Apache Commons Lang,org.apache.commons.lang3.builder,DiffBuilder.new Diff() {...},0,19,0,0,0,3,0,3,0,3
Apache Commons Lang,org.apache.commons.lang3.builder,DiffBuilder.new Diff() {...},0,21,0,0,0,3,0,3,0,3
Apache Commons Lang,org.apache.commons.lang3.builder,DiffBuilder.new Diff() {...},0,21,0,0,0,3,0,3,0,3
Apache Commons Lang,org.apache.commons.lang3.builder,DiffBuilder.new Diff() {...},0,21,0,0,0,3,0,3,0,3
Apache Commons Lang,org.apache.commons.lang3.builder,DiffBuilder.new Diff() {...},0,21,0,0,0,3,0,3,0,3
Apache Commons Lang,org.apache.commons.lang3.builder,DiffBuilder.new Diff() {...},0,21,0,0,0,3,0,3,0,3
Apache Commons Lang,org.apache.commons.lang3.builder,DiffBuilder.new Diff() {...},0,19,0,0,0,3,0,3,0,3
Apache Commons Lang,org.apache.commons.lang3.builder,ToStringStyle.ShortPrefixToStringStyle,2,9,0,0,1,4,1,1,1,1
Apache Commons Lang,org.apache.commons.lang3.builder,DiffResult,0,127,0,12,0,29,0,13,0,7
Apache Commons Lang,org.apache.commons.lang3.builder,ToStringStyle.DefaultToStringStyle,2,3,0,0,1,2,1,1,1,1
Apache Commons Lang,org.apache.commons.lang3.builder,ToStringStyle.NoFieldNameToStringStyle,2,6,0,0,1,3,1,1,1,1
Apache Commons Lang,org.apache.commons.lang3.builder,ToStringStyle.SimpleToStringStyle,2,18,0,0,1,7,1,1,1,1
Apache Commons Lang,org.apache.commons.lang3.builder,ReflectionToStringBuilder,53,330,2,42,8,81,6,43,4,23
Apache Commons Lang,org.apache.commons.lang3.builder,HashCodeBuilder,29,737,2,92,5,143,5,79,3,34
Apache Commons Lang,org.apache.commons.lang3.builder,ToStringStyle,182,1549,26,192,42,442,42,180,16,97
Apache Commons Lang,org.apache.commons.lang3.builder,StandardToStringStyle,97,46,0,0,39,23,29,12,29,12
Apache Commons Lang,org.apache.commons.lang3.builder,ToStringBuilder,195,394,1,11,38,94,20,50,19,45
Apache Commons Lang,org.apache.commons.lang3.builder,MultilineRecursiveToStringStyle,96,314,1,7,24,61,5,13,4,10
Apache Commons Lang,org.apache.commons.lang3.builder,EqualsBuilder,48,969,38,196,21,242,39,114,1,35
Apache Commons Lang,org.apache.commons.lang3.builder,Diff,0,51,0,0,0,10,0,5,0,5
Apache Commons Lang,org.apache.commons.lang3.builder,ToStringStyle.MultiLineToStringStyle,2,29,0,0,1,6,1,1,1,1
Apache Commons Lang,org.apache.commons.lang3.builder,ToStringStyle.NoClassNameToStringStyle,2,9,0,0,1,4,1,1,1,1
Apache Commons Lang,org.apache.commons.lang3.builder,DiffBuilder.new Diff() {...},0,21,0,0,0,3,0,3,0,3
Apache Commons Lang,org.apache.commons.lang3.builder,DiffBuilder.new Diff() {...},0,21,0,0,0,3,0,3,0,3
Apache Commons Lang,org.apache.commons.lang3.builder,DiffBuilder,104,647,22,128,22,153,22,75,0,22
Apache Commons Lang,org.apache.commons.lang3.builder,DiffBuilder.new Diff() {...},0,21,0,0,0,3,0,3,0,3
Apache Commons Lang,org.apache.commons.lang3.builder,DiffBuilder.new Diff() {...},0,21,0,0,0,3,0,3,0,3
Apache Commons Lang,org.apache.commons.lang3.builder,DiffBuilder.new Diff() {...},0,21,0,0,0,3,0,3,0,3
Apache Commons Lang,org.apache.commons.lang3.builder,DiffBuilder.new Diff() {...},0,21,0,0,0,3,0,3,0,3
Apache Commons Lang,org.apache.commons.lang3.builder,DiffBuilder.new Diff() {...},0,21,0,0,0,3,0,3,0,3
Apache Commons Lang,org.apache.commons.lang3.builder,DiffBuilder.new Diff() {...},0,21,0,0,0,3,0,3,0,3
Apache Commons Lang,org.apache.commons.lang3.builder,DiffBuilder.new Diff() {...},0,21,0,0,0,3,0,3,0,3
Apache Commons Lang,org.apache.commons.lang3.builder,IDKey,5,32,3,3,2,9,3,3,0,3
Apache Commons Lang,org.apache.commons.lang3.time,StopWatch.SplitState,0,24,0,0,0,3,0,1,0,1
Apache Commons Lang,org.apache.commons.lang3.time,CalendarReflection,48,42,14,3,16,7,10,4,1,4
Apache Commons Lang,org.apache.commons.lang3.time,StopWatch.State.new StopWatch.State() {...},0,12,0,0,0,4,0,4,0,4
Apache Commons Lang,org.apache.commons.lang3.time,StopWatch.State.new StopWatch.State() {...},0,12,0,0,0,4,0,4,0,4
Apache Commons Lang,org.apache.commons.lang3.time,StopWatch.State.new StopWatch.State() {...},0,12,0,0,0,4,0,4,0,4
Apache Commons Lang,org.apache.commons.lang3.time,StopWatch.State.new StopWatch.State() {...},0,12,0,0,0,4,0,4,0,4
Apache Commons Lang,org.apache.commons.lang3.time,FormatCache,22,178,3,17,5,36,3,16,0,9
Apache Commons Lang,org.apache.commons.lang3.time,FastDateParser.ISO8601TimeZoneStrategy,0,57,0,6,0,15,0,8,0,4
Apache Commons Lang,org.apache.commons.lang3.time,FastDatePrinter.TwentyFourHourField,6,28,0,2,2,9,1,4,1,3
Apache Commons Lang,org.apache.commons.lang3.time,FastDatePrinter.TwoDigitYearField,0,23,0,0,0,8,0,5,0,5
Apache Commons Lang,org.apache.commons.lang3.time,FastDateParser.new Comparator() {...},0,7,0,0,0,2,0,2,0,2
Apache Commons Lang,org.apache.commons.lang3.time,FastDateParser.new FastDateParser.NumberStrategy() {...},0,13,0,2,0,2,0,3,0,2
Apache Commons Lang,org.apache.commons.lang3.time,FastDatePrinter.TimeZoneDisplayKey,4,65,4,8,2,14,4,5,0,3
Apache Commons Lang,org.apache.commons.lang3.time,FastDateParser.new FastDateParser.NumberStrategy() {...},0,8,0,0,0,2,0,2,0,2
Apache Commons Lang,org.apache.commons.lang3.time,FastDateParser.new FastDateParser.NumberStrategy() {...},0,13,0,2,0,2,0,3,0,2
Apache Commons Lang,org.apache.commons.lang3.time,FastDateParser.new FastDateParser.NumberStrategy() {...},0,11,0,2,0,2,0,3,0,2
Apache Commons Lang,org.apache.commons.lang3.time,FastDateParser.new FastDateParser.NumberStrategy() {...},0,11,0,2,0,2,0,3,0,2
Apache Commons Lang,org.apache.commons.lang3.time,FastDatePrinter,58,968,14,129,12,226,14,102,2,30
Apache Commons Lang,org.apache.commons.lang3.time,DurationFormatUtils.Token,12,109,1,15,2,28,3,14,2,7
Apache Commons Lang,org.apache.commons.lang3.time,FastDatePrinter.UnpaddedNumberField,0,39,0,4,0,12,0,6,0,4
Apache Commons Lang,org.apache.commons.lang3.time,FormatCache.MultipartKey,0,50,0,6,0,11,0,6,0,3
Apache Commons Lang,org.apache.commons.lang3.time,FastDateParser.StrategyAndWidth,0,34,0,6,0,9,0,5,0,2
Apache Commons Lang,org.apache.commons.lang3.time,FastDateFormat.new FormatCache() {...},0,10,0,0,0,2,0,2,0,2
Apache Commons Lang,org.apache.commons.lang3.time,FastDatePrinter.WeekYear,6,17,0,0,2,6,1,3,1,3
Apache Commons Lang,org.apache.commons.lang3.time,FastDatePrinter.PaddedNumberField,4,29,1,1,1,10,1,4,0,4
Apache Commons Lang,org.apache.commons.lang3.time,FastDatePrinter.StringLiteral,0,16,0,0,0,6,0,3,0,3
Apache Commons Lang,org.apache.commons.lang3.time,FastDatePrinter.TwelveHourField,6,28,0,2,2,9,1,4,1,3
Apache Commons Lang,org.apache.commons.lang3.time,FastDateFormat,17,281,0,2,3,46,3,40,3,39
Apache Commons Lang,org.apache.commons.lang3.time,FastDatePrinter.TimeZoneNameRule,0,60,0,2,0,12,0,4,0,3
Apache Commons Lang,org.apache.commons.lang3.time,FastDateParser.PatternStrategy,0,50,0,2,0,13,0,6,0,5
Apache Commons Lang,org.apache.commons.lang3.time,FastDatePrinter.CharacterLiteral,0,14,0,0,0,6,0,3,0,3
Apache Commons Lang,org.apache.commons.lang3.time,DateFormatUtils,9,156,0,0,1,43,1,17,1,17
Apache Commons Lang,org.apache.commons.lang3.time,DurationFormatUtils,26,852,10,113,10,207,10,68,0,13
Apache Commons Lang,org.apache.commons.lang3.time,FastDateParser.StrategyParser,0,158,0,24,0,32,0,16,0,4
Apache Commons Lang,org.apache.commons.lang3.time,FastDatePrinter.TimeZoneNumberRule,0,67,0,4,0,18,0,6,0,4
Apache Commons Lang,org.apache.commons.lang3.time,FastDatePrinter.TextField,0,43,0,4,0,13,0,5,0,3
Apache Commons Lang,org.apache.commons.lang3.time,FastDatePrinter.TwoDigitNumberField,0,28,0,2,0,10,0,5,0,4
Apache Commons Lang,org.apache.commons.lang3.time,FastDateParser.TimeZoneStrategy.TzInfo,0,14,0,2,0,4,0,2,0,1
Apache Commons Lang,org.apache.commons.lang3.time,FastDateParser,26,627,6,74,4,136,7,66,1,22
Apache Commons Lang,org.apache.commons.lang3.time,DateUtils.ModifyType,0,34,0,0,0,4,0,1,0,1
Apache Commons Lang,org.apache.commons.lang3.time,DateUtils,54,1367,16,194,12,285,18,152,4,56
Apache Commons Lang,org.apache.commons.lang3.time,DateUtils.DateIterator,0,44,0,2,0,11,0,5,0,4
Apache Commons Lang,org.apache.commons.lang3.time,FastDatePrinter.DayInWeekField,6,27,0,2,2,7,1,4,1,3
Apache Commons Lang,org.apache.commons.lang3.time,FastDateParser.CopyQuotedStrategy,0,55,0,6,0,14,0,6,0,3
Apache Commons Lang,org.apache.commons.lang3.time,FastDateParser.Strategy,2,0,0,0,1,0,1,0,1,0
Apache Commons Lang,org.apache.commons.lang3.time,FastDateParser.NumberStrategy,0,87,1,13,0,27,1,10,0,4
Apache Commons Lang,org.apache.commons.lang3.time,StopWatch.State,0,44,0,0,0,5,0,1,0,1
Apache Commons Lang,org.apache.commons.lang3.time,FastDatePrinter.TwoDigitMonthField,0,23,0,0,0,8,0,5,0,5
Apache Commons Lang,org.apache.commons.lang3.time,FastDatePrinter.Iso8601_Rule,0,99,0,12,0,29,0,12,0,5
Apache Commons Lang,org.apache.commons.lang3.time,StopWatch,5,235,1,29,1,63,1,34,0,20
Apache Commons Lang,org.apache.commons.lang3.time,FastDateParser.CaseInsensitiveTextStrategy,0,54,0,0,0,13,0,2,0,2
Apache Commons Lang,org.apache.commons.lang3.time,FastDateParser.TimeZoneStrategy,0,185,0,19,0,39,0,12,0,2
Apache Commons Lang,org.apache.commons.lang3.time,FastDatePrinter.UnpaddedMonthField,3,31,1,1,1,9,1,5,0,5
Apache Commons Lang,org.apache.commons.lang3.text,StrLookup.MapStrLookup,0,23,0,4,0,9,0,4,0,2
Apache Commons Lang,org.apache.commons.lang3.text,StrSubstitutor,15,1005,7,99,7,262,7,102,0,56
Apache Commons Lang,org.apache.commons.lang3.text,FormattableUtils,12,113,1,15,3,14,3,11,2,4
Apache Commons Lang,org.apache.commons.lang3.text,StrMatcher.TrimMatcher,0,12,0,2,0,3,0,3,0,2
Apache Commons Lang,org.apache.commons.lang3.text,StrMatcher.CharMatcher,0,16,0,2,0,4,0,3,0,2
Apache Commons Lang,org.apache.commons.lang3.text,StrBuilder.StrBuilderWriter,0,43,0,0,0,15,0,8,0,8
Apache Commons Lang,org.apache.commons.lang3.text,ExtendedMessageFormat,143,620,31,78,25,158,32,47,5,17
Apache Commons Lang,org.apache.commons.lang3.text,StrMatcher,0,135,0,12,0,35,0,22,0,16
Apache Commons Lang,org.apache.commons.lang3.text,StrTokenizer,51,921,2,90,19,230,8,103,6,59
Apache Commons Lang,org.apache.commons.lang3.text,StrBuilder,77,3489,22,510,18,742,24,391,2,147
Apache Commons Lang,org.apache.commons.lang3.text,CompositeFormat,0,34,0,0,0,9,0,6,0,6
Apache Commons Lang,org.apache.commons.lang3.text,StrMatcher.CharSetMatcher,0,22,0,2,0,5,0,3,0,2
Apache Commons Lang,org.apache.commons.lang3.text,StrBuilder.StrBuilderReader,0,148,1,23,0,30,1,20,0,9
Apache Commons Lang,org.apache.commons.lang3.text,StrLookup.SystemPropertiesStrLookup,1,8,0,2,1,3,0,2,0,1
Apache Commons Lang,org.apache.commons.lang3.text,StrMatcher.NoMatcher,0,5,0,0,0,3,0,2,0,2
Apache Commons Lang,org.apache.commons.lang3.text,WordUtils,0,540,1,95,0,133,1,62,0,15
Apache Commons Lang,org.apache.commons.lang3.text,StrMatcher.StringMatcher,14,40,0,6,1,10,1,5,1,2
Apache Commons Lang,org.apache.commons.lang3.text,StrLookup,0,23,0,0,0,7,0,5,0,5
Apache Commons Lang,org.apache.commons.lang3.text,StrBuilder.StrBuilderTokenizer,8,27,2,2,2,8,2,3,0,3
